2024-04-04 15:11:07,950 INFO o.a.j.u.JMeterUtils: Setting Locale to en_EN
2024-04-04 15:11:07,986 INFO o.a.j.JMeter: Loading user properties from: /usr/local/Cellar/jmeter/5.6.3/libexec/bin/user.properties
2024-04-04 15:11:07,988 INFO o.a.j.JMeter: Loading system properties from: /usr/local/Cellar/jmeter/5.6.3/libexec/bin/system.properties
2024-04-04 15:11:07,994 INFO o.a.j.JMeter: Copyright (c) 1998-2024 The Apache Software Foundation
2024-04-04 15:11:07,994 INFO o.a.j.JMeter: Version 5.6.3
2024-04-04 15:11:07,994 INFO o.a.j.JMeter: java.version=21.0.2
2024-04-04 15:11:07,994 INFO o.a.j.JMeter: java.vm.name=OpenJDK 64-Bit Server VM
2024-04-04 15:11:07,994 INFO o.a.j.JMeter: os.name=Mac OS X
2024-04-04 15:11:07,994 INFO o.a.j.JMeter: os.arch=x86_64
2024-04-04 15:11:07,995 INFO o.a.j.JMeter: os.version=13.6.3
2024-04-04 15:11:07,995 INFO o.a.j.JMeter: file.encoding=UTF-8
2024-04-04 15:11:07,995 INFO o.a.j.JMeter: java.awt.headless=null
2024-04-04 15:11:07,995 INFO o.a.j.JMeter: Max memory     =1073741824
2024-04-04 15:11:07,995 INFO o.a.j.JMeter: Available Processors =16
2024-04-04 15:11:08,007 INFO o.a.j.JMeter: Default Locale=English (EN)
2024-04-04 15:11:08,007 INFO o.a.j.JMeter: JMeter  Locale=English (EN)
2024-04-04 15:11:08,007 INFO o.a.j.JMeter: JMeterHome=/usr/local/Cellar/jmeter/5.6.3/libexec
2024-04-04 15:11:08,007 INFO o.a.j.JMeter: user.dir  =/Users/jennieyoun/Downloads/url_shortener/shorter
2024-04-04 15:11:08,007 INFO o.a.j.JMeter: PWD       =/Users/jennieyoun/Downloads/url_shortener/shorter
2024-04-04 15:11:08,079 INFO o.a.j.JMeter: IP: 192.168.1.78 Name: Jennies-MBP.attlocal.net FullName: jennies-mbp.attlocal.net
2024-04-04 15:11:08,099 INFO o.a.j.JMeter: Loaded icon properties from org/apache/jmeter/images/icon.properties
2024-04-04 15:11:08,654 INFO o.a.j.JMeterGuiLauncher: Setting LAF to: com.github.weisj.darklaf.DarkLaf:com.github.weisj.darklaf.theme.DarculaTheme
2024-04-04 15:11:10,561 INFO o.a.j.r.ClassFinder: Will scan jar /usr/local/Cellar/jmeter/5.6.3/libexec/lib/ext/jmeter-plugins-manager-1.9.jar with filter ExtendsClassFilter [parents=[interface org.apache.jmeter.gui.action.Command], inner=false, contains=null, notContains=null]. Consider exposing JMeter plugins via META-INF/services, and add JMeter-Skip-Class-Scanning=true manifest attribute so JMeter can skip classfile scanning
2024-04-04 15:11:10,725 INFO o.a.j.r.ClassFinder: Will scan jar /usr/local/Cellar/jmeter/5.6.3/libexec/lib/ext/jmeter-plugins-manager-1.9.jar with filter ExtendsClassFilter [parents=[interface org.apache.jmeter.gui.plugin.MenuCreator], inner=false, contains=null, notContains=null]. Consider exposing JMeter plugins via META-INF/services, and add JMeter-Skip-Class-Scanning=true manifest attribute so JMeter can skip classfile scanning
2024-04-04 15:11:10,852 INFO o.j.r.JARSourceHTTP: Requesting https://jmeter-plugins.org/repo/?installID=mac_os_x-482f53be745ad4cdd599a5a53542abd4-gui
2024-04-04 15:11:12,016 INFO o.j.r.PluginManager: Plugins Status: [jpgc-plugins-manager=1.9, jmeter-core=5.6.3, jmeter-ftp=5.6.3, jmeter-http=5.6.3, jmeter-jdbc=5.6.3, jmeter-jms=5.6.3, jmeter-junit=5.6.3, jmeter-java=5.6.3, jmeter-ldap=5.6.3, jmeter-mail=5.6.3, jmeter-mongodb=5.6.3, jmeter-native=5.6.3, jmeter-tcp=5.6.3, jmeter-components=5.6.3]
2024-04-04 15:11:12,016 INFO o.j.r.PluginManagerMenuItem: Plugins Manager has upgrades: [jpgc-plugins-manager]
2024-04-04 15:11:18,636 INFO o.a.j.s.FileServer: Default base='/Users/jennieyoun/Downloads/url_shortener/shorter'
2024-04-04 15:11:18,639 INFO o.a.j.g.a.Load: Loading file: /Users/jennieyoun/Downloads/Thread Groupdfdf.jmx
2024-04-04 15:11:18,639 INFO o.a.j.s.FileServer: Set new base='/Users/jennieyoun/Downloads'
2024-04-04 15:11:18,856 INFO o.a.j.s.SaveService: Testplan (JMX) version: 2.2. Testlog (JTL) version: 2.2
2024-04-04 15:11:18,865 INFO o.a.j.s.SaveService: Using SaveService properties version 5.0
2024-04-04 15:11:18,867 INFO o.a.j.s.SaveService: Using SaveService properties file encoding UTF-8
2024-04-04 15:11:18,869 INFO o.a.j.s.SaveService: Loading file: /Users/jennieyoun/Downloads/Thread Groupdfdf.jmx
2024-04-04 15:11:18,984 INFO o.a.j.p.h.s.HTTPSamplerBase: Parser for text/html is org.apache.jmeter.protocol.http.parser.LagartoBasedHtmlParser
2024-04-04 15:11:18,984 INFO o.a.j.p.h.s.HTTPSamplerBase: Parser for application/xhtml+xml is org.apache.jmeter.protocol.http.parser.LagartoBasedHtmlParser
2024-04-04 15:11:18,984 INFO o.a.j.p.h.s.HTTPSamplerBase: Parser for application/xml is org.apache.jmeter.protocol.http.parser.LagartoBasedHtmlParser
2024-04-04 15:11:18,984 INFO o.a.j.p.h.s.HTTPSamplerBase: Parser for text/xml is org.apache.jmeter.protocol.http.parser.LagartoBasedHtmlParser
2024-04-04 15:11:18,984 INFO o.a.j.p.h.s.HTTPSamplerBase: Parser for text/vnd.wap.wml is org.apache.jmeter.protocol.http.parser.RegexpHTMLParser
2024-04-04 15:11:18,985 INFO o.a.j.p.h.s.HTTPSamplerBase: Parser for text/css is org.apache.jmeter.protocol.http.parser.CssParser
2024-04-04 15:11:19,280 INFO o.a.j.s.SampleResult: Note: Sample TimeStamps are START times
2024-04-04 15:11:19,281 INFO o.a.j.s.SampleResult: sampleresult.default.encoding is set to UTF-8
2024-04-04 15:11:19,281 INFO o.a.j.s.SampleResult: sampleresult.useNanoTime=true
2024-04-04 15:11:19,281 INFO o.a.j.s.SampleResult: sampleresult.nanoThreadSleep=5000
2024-04-04 15:11:19,440 INFO o.a.j.r.ClassFinder: Will scan jar /usr/local/Cellar/jmeter/5.6.3/libexec/lib/ext/jmeter-plugins-manager-1.9.jar with filter ExtendsClassFilter [parents=[interface org.apache.jmeter.visualizers.ResultRenderer], inner=false, contains=null, notContains=null]. Consider exposing JMeter plugins via META-INF/services, and add JMeter-Skip-Class-Scanning=true manifest attribute so JMeter can skip classfile scanning
2024-04-04 15:11:19,468 INFO o.a.j.r.ClassFinder: Will scan jar /usr/local/Cellar/jmeter/5.6.3/libexec/lib/ext/jmeter-plugins-manager-1.9.jar with filter ExtendsClassFilter [parents=[interface org.apache.jmeter.visualizers.RequestView], inner=false, contains=null, notContains=null]. Consider exposing JMeter plugins via META-INF/services, and add JMeter-Skip-Class-Scanning=true manifest attribute so JMeter can skip classfile scanning
2024-04-04 15:11:19,581 INFO o.a.j.s.FileServer: Set new base='/Users/jennieyoun/Downloads'
2024-04-04 15:11:33,705 INFO o.a.j.e.StandardJMeterEngine: Running the test!
2024-04-04 15:11:33,706 INFO o.a.j.s.SampleEvent: List of sample_variables: []
2024-04-04 15:11:33,706 INFO o.a.j.s.SampleEvent: List of sample_variables: []
2024-04-04 15:11:33,707 INFO o.a.j.e.u.CompoundVariable: Note: Function class names must contain the string: '.functions.'
2024-04-04 15:11:33,707 INFO o.a.j.e.u.CompoundVariable: Note: Function class names must not contain the string: '.gui.'
2024-04-04 15:11:33,743 INFO o.a.j.r.ClassFinder: Will scan jar /usr/local/Cellar/jmeter/5.6.3/libexec/lib/ext/jmeter-plugins-manager-1.9.jar with filter ExtendsClassFilter [parents=[interface org.apache.jmeter.functions.Function], inner=false, contains=null, notContains=null]. Consider exposing JMeter plugins via META-INF/services, and add JMeter-Skip-Class-Scanning=true manifest attribute so JMeter can skip classfile scanning
2024-04-04 15:11:33,748 INFO o.a.j.g.u.JMeterMenuBar: setRunning(true, *local*)
2024-04-04 15:11:33,803 INFO o.a.j.e.StandardJMeterEngine: Starting ThreadGroup: 1 : Thread Group
2024-04-04 15:11:33,803 INFO o.a.j.e.StandardJMeterEngine: Starting 20 threads for group Thread Group.
2024-04-04 15:11:33,804 INFO o.a.j.e.StandardJMeterEngine: Thread will continue on error
2024-04-04 15:11:33,804 INFO o.a.j.t.ThreadGroup: Starting thread group... number=1 threads=20 ramp-up=1 delayedStart=false
2024-04-04 15:11:33,811 INFO o.a.j.t.JMeterThread: Thread started: Thread Group 1-1
2024-04-04 15:11:33,814 INFO o.a.j.s.FileServer: Stored: /Users/jennieyoun/Downloads/small-test - Sheet1.csv
2024-04-04 15:11:33,815 INFO o.a.j.t.ThreadGroup: Started thread group number 1
2024-04-04 15:11:33,815 INFO o.a.j.e.StandardJMeterEngine: All thread groups have been started
2024-04-04 15:11:33,827 INFO o.a.j.p.h.s.HTTPHCAbstractImpl: Local host = Jennies-MBP.attlocal.net
2024-04-04 15:11:33,834 INFO o.a.j.p.h.s.HTTPHC4Impl: HTTP request retry count = 0
2024-04-04 15:11:33,863 INFO o.a.j.t.JMeterThread: Thread started: Thread Group 1-2
2024-04-04 15:11:33,879 INFO o.a.j.t.JMeterThread: Thread is done: Thread Group 1-1
2024-04-04 15:11:33,879 INFO o.a.j.t.JMeterThread: Thread is done: Thread Group 1-2
2024-04-04 15:11:33,879 INFO o.a.j.t.JMeterThread: Thread finished: Thread Group 1-1
2024-04-04 15:11:33,879 INFO o.a.j.t.JMeterThread: Thread finished: Thread Group 1-2
2024-04-04 15:11:33,913 INFO o.a.j.t.JMeterThread: Thread started: Thread Group 1-3
2024-04-04 15:11:33,914 INFO o.a.j.t.JMeterThread: Thread is done: Thread Group 1-3
2024-04-04 15:11:33,915 INFO o.a.j.t.JMeterThread: Thread finished: Thread Group 1-3
2024-04-04 15:11:33,963 INFO o.a.j.t.JMeterThread: Thread started: Thread Group 1-4
2024-04-04 15:11:33,964 INFO o.a.j.t.JMeterThread: Thread is done: Thread Group 1-4
2024-04-04 15:11:33,965 INFO o.a.j.t.JMeterThread: Thread finished: Thread Group 1-4
2024-04-04 15:11:34,013 INFO o.a.j.t.JMeterThread: Thread started: Thread Group 1-5
2024-04-04 15:11:34,015 INFO o.a.j.t.JMeterThread: Thread is done: Thread Group 1-5
2024-04-04 15:11:34,015 INFO o.a.j.t.JMeterThread: Thread finished: Thread Group 1-5
2024-04-04 15:11:34,058 INFO o.a.j.t.JMeterThread: Thread started: Thread Group 1-6
2024-04-04 15:11:34,060 INFO o.a.j.t.JMeterThread: Thread is done: Thread Group 1-6
2024-04-04 15:11:34,060 INFO o.a.j.t.JMeterThread: Thread finished: Thread Group 1-6
2024-04-04 15:11:34,108 INFO o.a.j.t.JMeterThread: Thread started: Thread Group 1-7
2024-04-04 15:11:34,110 INFO o.a.j.t.JMeterThread: Thread is done: Thread Group 1-7
2024-04-04 15:11:34,110 INFO o.a.j.t.JMeterThread: Thread finished: Thread Group 1-7
2024-04-04 15:11:34,158 INFO o.a.j.t.JMeterThread: Thread started: Thread Group 1-8
2024-04-04 15:11:34,159 INFO o.a.j.t.JMeterThread: Thread is done: Thread Group 1-8
2024-04-04 15:11:34,159 INFO o.a.j.t.JMeterThread: Thread finished: Thread Group 1-8
2024-04-04 15:11:34,211 INFO o.a.j.t.JMeterThread: Thread started: Thread Group 1-9
2024-04-04 15:11:34,213 INFO o.a.j.t.JMeterThread: Thread is done: Thread Group 1-9
2024-04-04 15:11:34,213 INFO o.a.j.t.JMeterThread: Thread finished: Thread Group 1-9
2024-04-04 15:11:34,259 INFO o.a.j.t.JMeterThread: Thread started: Thread Group 1-10
2024-04-04 15:11:34,260 INFO o.a.j.t.JMeterThread: Thread is done: Thread Group 1-10
2024-04-04 15:11:34,260 INFO o.a.j.t.JMeterThread: Thread finished: Thread Group 1-10
2024-04-04 15:11:34,307 INFO o.a.j.t.JMeterThread: Thread started: Thread Group 1-11
2024-04-04 15:11:34,309 INFO o.a.j.t.JMeterThread: Thread is done: Thread Group 1-11
2024-04-04 15:11:34,309 INFO o.a.j.t.JMeterThread: Thread finished: Thread Group 1-11
2024-04-04 15:11:34,359 INFO o.a.j.t.JMeterThread: Thread started: Thread Group 1-12
2024-04-04 15:11:34,361 INFO o.a.j.t.JMeterThread: Thread is done: Thread Group 1-12
2024-04-04 15:11:34,361 INFO o.a.j.t.JMeterThread: Thread finished: Thread Group 1-12
2024-04-04 15:11:34,407 INFO o.a.j.t.JMeterThread: Thread started: Thread Group 1-13
2024-04-04 15:11:34,409 INFO o.a.j.t.JMeterThread: Thread is done: Thread Group 1-13
2024-04-04 15:11:34,409 INFO o.a.j.t.JMeterThread: Thread finished: Thread Group 1-13
2024-04-04 15:11:34,456 INFO o.a.j.t.JMeterThread: Thread started: Thread Group 1-14
2024-04-04 15:11:34,459 INFO o.a.j.t.JMeterThread: Thread is done: Thread Group 1-14
2024-04-04 15:11:34,459 INFO o.a.j.t.JMeterThread: Thread finished: Thread Group 1-14
2024-04-04 15:11:34,506 INFO o.a.j.t.JMeterThread: Thread started: Thread Group 1-15
2024-04-04 15:11:34,508 INFO o.a.j.t.JMeterThread: Thread is done: Thread Group 1-15
2024-04-04 15:11:34,509 INFO o.a.j.t.JMeterThread: Thread finished: Thread Group 1-15
2024-04-04 15:11:34,557 INFO o.a.j.t.JMeterThread: Thread started: Thread Group 1-16
2024-04-04 15:11:34,559 INFO o.a.j.t.JMeterThread: Thread is done: Thread Group 1-16
2024-04-04 15:11:34,559 INFO o.a.j.t.JMeterThread: Thread finished: Thread Group 1-16
2024-04-04 15:11:34,607 INFO o.a.j.t.JMeterThread: Thread started: Thread Group 1-17
2024-04-04 15:11:34,609 INFO o.a.j.t.JMeterThread: Thread is done: Thread Group 1-17
2024-04-04 15:11:34,609 INFO o.a.j.t.JMeterThread: Thread finished: Thread Group 1-17
2024-04-04 15:11:34,657 INFO o.a.j.t.JMeterThread: Thread started: Thread Group 1-18
2024-04-04 15:11:34,659 INFO o.a.j.t.JMeterThread: Thread is done: Thread Group 1-18
2024-04-04 15:11:34,659 INFO o.a.j.t.JMeterThread: Thread finished: Thread Group 1-18
2024-04-04 15:11:34,708 INFO o.a.j.t.JMeterThread: Thread started: Thread Group 1-19
2024-04-04 15:11:34,710 INFO o.a.j.t.JMeterThread: Thread is done: Thread Group 1-19
2024-04-04 15:11:34,710 INFO o.a.j.t.JMeterThread: Thread finished: Thread Group 1-19
2024-04-04 15:11:34,756 INFO o.a.j.t.JMeterThread: Thread started: Thread Group 1-20
2024-04-04 15:11:34,758 INFO o.a.j.t.JMeterThread: Thread is done: Thread Group 1-20
2024-04-04 15:11:34,758 INFO o.a.j.t.JMeterThread: Thread finished: Thread Group 1-20
2024-04-04 15:11:34,758 INFO o.a.j.e.StandardJMeterEngine: Notifying test listeners of end of test
2024-04-04 15:11:34,759 INFO o.a.j.s.FileServer: Close: /Users/jennieyoun/Downloads/small-test - Sheet1.csv
2024-04-04 15:11:34,760 INFO o.a.j.g.u.JMeterMenuBar: setRunning(false, *local*)
2024-04-04 15:14:03,840 INFO o.a.j.e.StandardJMeterEngine: Running the test!
2024-04-04 15:14:03,840 INFO o.a.j.s.SampleEvent: List of sample_variables: []
2024-04-04 15:14:03,841 INFO o.a.j.g.u.JMeterMenuBar: setRunning(true, *local*)
2024-04-04 15:14:03,902 INFO o.a.j.e.StandardJMeterEngine: Starting ThreadGroup: 1 : Thread Group
2024-04-04 15:14:03,903 INFO o.a.j.e.StandardJMeterEngine: Starting 20 threads for group Thread Group.
2024-04-04 15:14:03,903 INFO o.a.j.e.StandardJMeterEngine: Thread will continue on error
2024-04-04 15:14:03,903 INFO o.a.j.t.ThreadGroup: Starting thread group... number=1 threads=20 ramp-up=1 delayedStart=false
2024-04-04 15:14:03,904 INFO o.a.j.t.JMeterThread: Thread started: Thread Group 1-1
2024-04-04 15:14:03,905 INFO o.a.j.s.FileServer: Stored: /Users/jennieyoun/Downloads/smalll - Sheet1.csv
2024-04-04 15:14:03,911 INFO o.a.j.t.ThreadGroup: Started thread group number 1
2024-04-04 15:14:03,911 INFO o.a.j.e.StandardJMeterEngine: All thread groups have been started
2024-04-04 15:14:03,955 INFO o.a.j.t.JMeterThread: Thread started: Thread Group 1-2
2024-04-04 15:14:03,960 INFO o.a.j.p.h.s.h.LazyLayeredConnectionSocketFactory: Setting up HTTPS TrustAll Socket Factory
2024-04-04 15:14:03,963 INFO o.a.j.u.JsseSSLManager: Using default SSL protocol: TLS
2024-04-04 15:14:03,963 INFO o.a.j.u.JsseSSLManager: SSL session context: per-thread
2024-04-04 15:14:03,971 INFO o.a.j.u.SSLManager: JmeterKeyStore Location:  type JKS
2024-04-04 15:14:03,972 INFO o.a.j.u.SSLManager: KeyStore created OK
2024-04-04 15:14:03,973 WARN o.a.j.u.SSLManager: Keystore file not found, loading empty keystore
2024-04-04 15:14:04,005 INFO o.a.j.t.JMeterThread: Thread started: Thread Group 1-3
2024-04-04 15:14:04,046 INFO o.a.j.t.JMeterThread: Thread is done: Thread Group 1-1
2024-04-04 15:14:04,047 INFO o.a.j.t.JMeterThread: Thread finished: Thread Group 1-1
2024-04-04 15:14:04,052 INFO o.a.j.t.JMeterThread: Thread is done: Thread Group 1-2
2024-04-04 15:14:04,052 INFO o.a.j.t.JMeterThread: Thread finished: Thread Group 1-2
2024-04-04 15:14:04,056 INFO o.a.j.t.JMeterThread: Thread started: Thread Group 1-4
2024-04-04 15:14:04,106 INFO o.a.j.t.JMeterThread: Thread started: Thread Group 1-5
2024-04-04 15:14:04,158 INFO o.a.j.t.JMeterThread: Thread started: Thread Group 1-6
2024-04-04 15:14:04,206 INFO o.a.j.t.JMeterThread: Thread started: Thread Group 1-7
2024-04-04 15:14:04,249 INFO o.a.j.t.JMeterThread: Thread is done: Thread Group 1-4
2024-04-04 15:14:04,249 INFO o.a.j.t.JMeterThread: Thread is done: Thread Group 1-3
2024-04-04 15:14:04,249 INFO o.a.j.t.JMeterThread: Thread finished: Thread Group 1-4
2024-04-04 15:14:04,249 INFO o.a.j.t.JMeterThread: Thread finished: Thread Group 1-3
2024-04-04 15:14:04,257 INFO o.a.j.t.JMeterThread: Thread started: Thread Group 1-8
2024-04-04 15:14:04,288 INFO o.a.j.t.JMeterThread: Thread is done: Thread Group 1-5
2024-04-04 15:14:04,289 INFO o.a.j.t.JMeterThread: Thread finished: Thread Group 1-5
2024-04-04 15:14:04,306 INFO o.a.j.t.JMeterThread: Thread started: Thread Group 1-9
2024-04-04 15:14:04,357 INFO o.a.j.t.JMeterThread: Thread started: Thread Group 1-10
2024-04-04 15:14:04,380 INFO o.a.j.t.JMeterThread: Thread is done: Thread Group 1-6
2024-04-04 15:14:04,380 INFO o.a.j.t.JMeterThread: Thread finished: Thread Group 1-6
2024-04-04 15:14:04,381 INFO o.a.j.t.JMeterThread: Thread is done: Thread Group 1-7
2024-04-04 15:14:04,381 INFO o.a.j.t.JMeterThread: Thread finished: Thread Group 1-7
2024-04-04 15:14:04,408 INFO o.a.j.t.JMeterThread: Thread started: Thread Group 1-11
2024-04-04 15:14:04,429 INFO o.a.j.t.JMeterThread: Thread is done: Thread Group 1-9
2024-04-04 15:14:04,429 INFO o.a.j.t.JMeterThread: Thread finished: Thread Group 1-9
2024-04-04 15:14:04,437 INFO o.a.j.t.JMeterThread: Thread is done: Thread Group 1-8
2024-04-04 15:14:04,437 INFO o.a.j.t.JMeterThread: Thread finished: Thread Group 1-8
2024-04-04 15:14:04,442 INFO o.a.j.t.JMeterThread: Thread is done: Thread Group 1-10
2024-04-04 15:14:04,442 INFO o.a.j.t.JMeterThread: Thread finished: Thread Group 1-10
2024-04-04 15:14:04,455 INFO o.a.j.t.JMeterThread: Thread started: Thread Group 1-12
2024-04-04 15:14:04,500 INFO o.a.j.t.JMeterThread: Thread is done: Thread Group 1-11
2024-04-04 15:14:04,500 INFO o.a.j.t.JMeterThread: Thread finished: Thread Group 1-11
2024-04-04 15:14:04,507 INFO o.a.j.t.JMeterThread: Thread started: Thread Group 1-13
2024-04-04 15:14:04,547 INFO o.a.j.t.JMeterThread: Thread is done: Thread Group 1-12
2024-04-04 15:14:04,547 INFO o.a.j.t.JMeterThread: Thread finished: Thread Group 1-12
2024-04-04 15:14:04,555 INFO o.a.j.t.JMeterThread: Thread started: Thread Group 1-14
2024-04-04 15:14:04,606 INFO o.a.j.t.JMeterThread: Thread started: Thread Group 1-15
2024-04-04 15:14:04,646 INFO o.a.j.t.JMeterThread: Thread is done: Thread Group 1-13
2024-04-04 15:14:04,646 INFO o.a.j.t.JMeterThread: Thread finished: Thread Group 1-13
2024-04-04 15:14:04,654 INFO o.a.j.t.JMeterThread: Thread started: Thread Group 1-16
2024-04-04 15:14:04,676 INFO o.a.j.t.JMeterThread: Thread is done: Thread Group 1-14
2024-04-04 15:14:04,676 INFO o.a.j.t.JMeterThread: Thread finished: Thread Group 1-14
2024-04-04 15:14:04,708 INFO o.a.j.t.JMeterThread: Thread started: Thread Group 1-17
2024-04-04 15:14:04,754 INFO o.a.j.t.JMeterThread: Thread started: Thread Group 1-18
2024-04-04 15:14:04,772 INFO o.a.j.t.JMeterThread: Thread is done: Thread Group 1-15
2024-04-04 15:14:04,772 INFO o.a.j.t.JMeterThread: Thread finished: Thread Group 1-15
2024-04-04 15:14:04,806 INFO o.a.j.t.JMeterThread: Thread started: Thread Group 1-19
2024-04-04 15:14:04,856 INFO o.a.j.t.JMeterThread: Thread started: Thread Group 1-20
2024-04-04 15:14:04,906 INFO o.a.j.t.JMeterThread: Thread is done: Thread Group 1-16
2024-04-04 15:14:04,906 INFO o.a.j.t.JMeterThread: Thread is done: Thread Group 1-17
2024-04-04 15:14:04,906 INFO o.a.j.t.JMeterThread: Thread finished: Thread Group 1-16
2024-04-04 15:14:04,906 INFO o.a.j.t.JMeterThread: Thread finished: Thread Group 1-17
2024-04-04 15:14:04,921 INFO o.a.j.t.JMeterThread: Thread is done: Thread Group 1-18
2024-04-04 15:14:04,921 INFO o.a.j.t.JMeterThread: Thread finished: Thread Group 1-18
2024-04-04 15:14:04,951 INFO o.a.j.t.JMeterThread: Thread is done: Thread Group 1-19
2024-04-04 15:14:04,951 INFO o.a.j.t.JMeterThread: Thread finished: Thread Group 1-19
2024-04-04 15:14:04,954 INFO o.a.j.t.JMeterThread: Thread is done: Thread Group 1-20
2024-04-04 15:14:04,954 INFO o.a.j.t.JMeterThread: Thread finished: Thread Group 1-20
2024-04-04 15:14:04,955 INFO o.a.j.e.StandardJMeterEngine: Notifying test listeners of end of test
2024-04-04 15:14:04,955 INFO o.a.j.s.FileServer: Close: /Users/jennieyoun/Downloads/smalll - Sheet1.csv
2024-04-04 15:14:04,955 INFO o.a.j.g.u.JMeterMenuBar: setRunning(false, *local*)
2024-04-04 15:22:44,385 INFO o.a.j.e.StandardJMeterEngine: Running the test!
2024-04-04 15:22:44,386 INFO o.a.j.s.SampleEvent: List of sample_variables: []
2024-04-04 15:22:44,387 INFO o.a.j.g.u.JMeterMenuBar: setRunning(true, *local*)
2024-04-04 15:22:44,447 INFO o.a.j.e.StandardJMeterEngine: Starting ThreadGroup: 1 : Thread Group
2024-04-04 15:22:44,448 INFO o.a.j.e.StandardJMeterEngine: Starting 20 threads for group Thread Group.
2024-04-04 15:22:44,448 INFO o.a.j.e.StandardJMeterEngine: Thread will continue on error
2024-04-04 15:22:44,448 INFO o.a.j.t.ThreadGroup: Starting thread group... number=1 threads=20 ramp-up=1 delayedStart=false
2024-04-04 15:22:44,449 INFO o.a.j.t.JMeterThread: Thread started: Thread Group 1-1
2024-04-04 15:22:44,449 INFO o.a.j.s.FileServer: Stored: /Users/jennieyoun/Downloads/smalll - Sheet1 (1).csv
2024-04-04 15:22:44,454 INFO o.a.j.t.ThreadGroup: Started thread group number 1
2024-04-04 15:22:44,454 INFO o.a.j.e.StandardJMeterEngine: All thread groups have been started
2024-04-04 15:22:44,499 INFO o.a.j.t.JMeterThread: Thread started: Thread Group 1-2
2024-04-04 15:22:44,550 INFO o.a.j.t.JMeterThread: Thread started: Thread Group 1-3
2024-04-04 15:22:44,599 INFO o.a.j.t.JMeterThread: Thread started: Thread Group 1-4
2024-04-04 15:22:44,652 INFO o.a.j.t.JMeterThread: Thread started: Thread Group 1-5
2024-04-04 15:22:44,702 INFO o.a.j.t.JMeterThread: Thread started: Thread Group 1-6
2024-04-04 15:22:44,753 INFO o.a.j.t.JMeterThread: Thread started: Thread Group 1-7
2024-04-04 15:22:44,799 INFO o.a.j.t.JMeterThread: Thread started: Thread Group 1-8
2024-04-04 15:22:44,849 INFO o.a.j.t.JMeterThread: Thread started: Thread Group 1-9
2024-04-04 15:22:44,882 INFO o.a.j.t.JMeterThread: Thread is done: Thread Group 1-1
2024-04-04 15:22:44,882 INFO o.a.j.t.JMeterThread: Thread finished: Thread Group 1-1
2024-04-04 15:22:44,900 INFO o.a.j.t.JMeterThread: Thread started: Thread Group 1-10
2024-04-04 15:22:44,950 INFO o.a.j.t.JMeterThread: Thread started: Thread Group 1-11
2024-04-04 15:22:45,000 INFO o.a.j.t.JMeterThread: Thread started: Thread Group 1-12
2024-04-04 15:22:45,023 INFO o.a.j.t.JMeterThread: Thread is done: Thread Group 1-2
2024-04-04 15:22:45,023 INFO o.a.j.t.JMeterThread: Thread finished: Thread Group 1-2
2024-04-04 15:22:45,036 INFO o.a.j.t.JMeterThread: Thread is done: Thread Group 1-8
2024-04-04 15:22:45,036 INFO o.a.j.t.JMeterThread: Thread finished: Thread Group 1-8
2024-04-04 15:22:45,053 INFO o.a.j.t.JMeterThread: Thread started: Thread Group 1-13
2024-04-04 15:22:45,054 INFO o.a.j.t.JMeterThread: Thread is done: Thread Group 1-3
2024-04-04 15:22:45,054 INFO o.a.j.t.JMeterThread: Thread finished: Thread Group 1-3
2024-04-04 15:22:45,067 INFO o.a.j.t.JMeterThread: Thread is done: Thread Group 1-5
2024-04-04 15:22:45,067 INFO o.a.j.t.JMeterThread: Thread finished: Thread Group 1-5
2024-04-04 15:22:45,079 INFO o.a.j.t.JMeterThread: Thread is done: Thread Group 1-10
2024-04-04 15:22:45,079 INFO o.a.j.t.JMeterThread: Thread finished: Thread Group 1-10
2024-04-04 15:22:45,103 INFO o.a.j.t.JMeterThread: Thread started: Thread Group 1-14
2024-04-04 15:22:45,105 INFO o.a.j.t.JMeterThread: Thread is done: Thread Group 1-12
2024-04-04 15:22:45,105 INFO o.a.j.t.JMeterThread: Thread finished: Thread Group 1-12
2024-04-04 15:22:45,151 INFO o.a.j.t.JMeterThread: Thread started: Thread Group 1-15
2024-04-04 15:22:45,181 INFO o.a.j.t.JMeterThread: Thread is done: Thread Group 1-14
2024-04-04 15:22:45,181 INFO o.a.j.t.JMeterThread: Thread finished: Thread Group 1-14
2024-04-04 15:22:45,203 INFO o.a.j.t.JMeterThread: Thread started: Thread Group 1-16
2024-04-04 15:22:45,206 INFO o.a.j.t.JMeterThread: Thread is done: Thread Group 1-7
2024-04-04 15:22:45,206 INFO o.a.j.t.JMeterThread: Thread finished: Thread Group 1-7
2024-04-04 15:22:45,210 INFO o.a.j.t.JMeterThread: Thread is done: Thread Group 1-9
2024-04-04 15:22:45,210 INFO o.a.j.t.JMeterThread: Thread finished: Thread Group 1-9
2024-04-04 15:22:45,250 INFO o.a.j.t.JMeterThread: Thread started: Thread Group 1-17
2024-04-04 15:22:45,251 INFO o.a.j.t.JMeterThread: Thread is done: Thread Group 1-4
2024-04-04 15:22:45,251 INFO o.a.j.t.JMeterThread: Thread finished: Thread Group 1-4
2024-04-04 15:22:45,257 INFO o.a.j.t.JMeterThread: Thread is done: Thread Group 1-6
2024-04-04 15:22:45,257 INFO o.a.j.t.JMeterThread: Thread finished: Thread Group 1-6
2024-04-04 15:22:45,284 INFO o.a.j.t.JMeterThread: Thread is done: Thread Group 1-16
2024-04-04 15:22:45,285 INFO o.a.j.t.JMeterThread: Thread finished: Thread Group 1-16
2024-04-04 15:22:45,299 INFO o.a.j.t.JMeterThread: Thread started: Thread Group 1-18
2024-04-04 15:22:45,350 INFO o.a.j.t.JMeterThread: Thread started: Thread Group 1-19
2024-04-04 15:22:45,378 INFO o.a.j.t.JMeterThread: Thread is done: Thread Group 1-18
2024-04-04 15:22:45,378 INFO o.a.j.t.JMeterThread: Thread finished: Thread Group 1-18
2024-04-04 15:22:45,384 INFO o.a.j.t.JMeterThread: Thread is done: Thread Group 1-11
2024-04-04 15:22:45,384 INFO o.a.j.t.JMeterThread: Thread finished: Thread Group 1-11
2024-04-04 15:22:45,398 INFO o.a.j.t.JMeterThread: Thread started: Thread Group 1-20
2024-04-04 15:22:45,429 INFO o.a.j.t.JMeterThread: Thread is done: Thread Group 1-13
2024-04-04 15:22:45,429 INFO o.a.j.t.JMeterThread: Thread finished: Thread Group 1-13
2024-04-04 15:22:45,542 INFO o.a.j.t.JMeterThread: Thread is done: Thread Group 1-15
2024-04-04 15:22:45,542 INFO o.a.j.t.JMeterThread: Thread finished: Thread Group 1-15
2024-04-04 15:22:45,572 INFO o.a.j.t.JMeterThread: Thread is done: Thread Group 1-20
2024-04-04 15:22:45,572 INFO o.a.j.t.JMeterThread: Thread finished: Thread Group 1-20
2024-04-04 15:22:45,656 INFO o.a.j.t.JMeterThread: Thread is done: Thread Group 1-17
2024-04-04 15:22:45,657 INFO o.a.j.t.JMeterThread: Thread finished: Thread Group 1-17
2024-04-04 15:22:45,758 INFO o.a.j.t.JMeterThread: Thread is done: Thread Group 1-19
2024-04-04 15:22:45,758 INFO o.a.j.t.JMeterThread: Thread finished: Thread Group 1-19
2024-04-04 15:22:45,759 INFO o.a.j.e.StandardJMeterEngine: Notifying test listeners of end of test
2024-04-04 15:22:45,759 INFO o.a.j.s.FileServer: Close: /Users/jennieyoun/Downloads/smalll - Sheet1 (1).csv
2024-04-04 15:22:45,759 INFO o.a.j.g.u.JMeterMenuBar: setRunning(false, *local*)
2024-04-04 15:22:59,694 INFO o.a.j.e.StandardJMeterEngine: Running the test!
2024-04-04 15:22:59,695 INFO o.a.j.s.SampleEvent: List of sample_variables: []
2024-04-04 15:22:59,695 INFO o.a.j.g.u.JMeterMenuBar: setRunning(true, *local*)
2024-04-04 15:22:59,748 INFO o.a.j.e.StandardJMeterEngine: Starting ThreadGroup: 1 : Thread Group
2024-04-04 15:22:59,749 INFO o.a.j.e.StandardJMeterEngine: Starting 20 threads for group Thread Group.
2024-04-04 15:22:59,749 INFO o.a.j.e.StandardJMeterEngine: Thread will continue on error
2024-04-04 15:22:59,749 INFO o.a.j.t.ThreadGroup: Starting thread group... number=1 threads=20 ramp-up=1 delayedStart=false
2024-04-04 15:22:59,750 INFO o.a.j.t.JMeterThread: Thread started: Thread Group 1-1
2024-04-04 15:22:59,750 INFO o.a.j.s.FileServer: Stored: /Users/jennieyoun/Downloads/smalll - Sheet1 (1).csv
2024-04-04 15:22:59,755 INFO o.a.j.t.ThreadGroup: Started thread group number 1
2024-04-04 15:22:59,756 INFO o.a.j.e.StandardJMeterEngine: All thread groups have been started
2024-04-04 15:22:59,804 INFO o.a.j.t.JMeterThread: Thread started: Thread Group 1-2
2024-04-04 15:22:59,850 INFO o.a.j.t.JMeterThread: Thread started: Thread Group 1-3
2024-04-04 15:22:59,900 INFO o.a.j.t.JMeterThread: Thread started: Thread Group 1-4
2024-04-04 15:22:59,906 INFO o.a.j.t.JMeterThread: Thread is done: Thread Group 1-2
2024-04-04 15:22:59,907 INFO o.a.j.t.JMeterThread: Thread finished: Thread Group 1-2
2024-04-04 15:22:59,950 INFO o.a.j.t.JMeterThread: Thread started: Thread Group 1-5
2024-04-04 15:23:00,001 INFO o.a.j.t.JMeterThread: Thread started: Thread Group 1-6
2024-04-04 15:23:00,050 INFO o.a.j.t.JMeterThread: Thread started: Thread Group 1-7
2024-04-04 15:23:00,103 INFO o.a.j.t.JMeterThread: Thread started: Thread Group 1-8
2024-04-04 15:23:00,103 INFO o.a.j.t.JMeterThread: Thread is done: Thread Group 1-4
2024-04-04 15:23:00,103 INFO o.a.j.t.JMeterThread: Thread finished: Thread Group 1-4
2024-04-04 15:23:00,150 INFO o.a.j.t.JMeterThread: Thread started: Thread Group 1-9
2024-04-04 15:23:00,205 INFO o.a.j.t.JMeterThread: Thread started: Thread Group 1-10
2024-04-04 15:23:00,216 INFO o.a.j.t.JMeterThread: Thread is done: Thread Group 1-1
2024-04-04 15:23:00,216 INFO o.a.j.t.JMeterThread: Thread finished: Thread Group 1-1
2024-04-04 15:23:00,231 INFO o.a.j.t.JMeterThread: Thread is done: Thread Group 1-6
2024-04-04 15:23:00,232 INFO o.a.j.t.JMeterThread: Thread finished: Thread Group 1-6
2024-04-04 15:23:00,255 INFO o.a.j.t.JMeterThread: Thread started: Thread Group 1-11
2024-04-04 15:23:00,269 INFO o.a.j.t.JMeterThread: Thread is done: Thread Group 1-3
2024-04-04 15:23:00,269 INFO o.a.j.t.JMeterThread: Thread finished: Thread Group 1-3
2024-04-04 15:23:00,276 INFO o.a.j.t.JMeterThread: Thread is done: Thread Group 1-8
2024-04-04 15:23:00,277 INFO o.a.j.t.JMeterThread: Thread finished: Thread Group 1-8
2024-04-04 15:23:00,287 INFO o.a.j.t.JMeterThread: Thread is done: Thread Group 1-10
2024-04-04 15:23:00,287 INFO o.a.j.t.JMeterThread: Thread finished: Thread Group 1-10
2024-04-04 15:23:00,300 INFO o.a.j.t.JMeterThread: Thread started: Thread Group 1-12
2024-04-04 15:23:00,350 INFO o.a.j.t.JMeterThread: Thread started: Thread Group 1-13
2024-04-04 15:23:00,402 INFO o.a.j.t.JMeterThread: Thread started: Thread Group 1-14
2024-04-04 15:23:00,425 INFO o.a.j.t.JMeterThread: Thread is done: Thread Group 1-12
2024-04-04 15:23:00,425 INFO o.a.j.t.JMeterThread: Thread finished: Thread Group 1-12
2024-04-04 15:23:00,445 INFO o.a.j.t.JMeterThread: Thread is done: Thread Group 1-7
2024-04-04 15:23:00,445 INFO o.a.j.t.JMeterThread: Thread finished: Thread Group 1-7
2024-04-04 15:23:00,449 INFO o.a.j.t.JMeterThread: Thread started: Thread Group 1-15
2024-04-04 15:23:00,476 INFO o.a.j.t.JMeterThread: Thread is done: Thread Group 1-14
2024-04-04 15:23:00,476 INFO o.a.j.t.JMeterThread: Thread finished: Thread Group 1-14
2024-04-04 15:23:00,500 INFO o.a.j.t.JMeterThread: Thread started: Thread Group 1-16
2024-04-04 15:23:00,550 INFO o.a.j.t.JMeterThread: Thread started: Thread Group 1-17
2024-04-04 15:23:00,602 INFO o.a.j.t.JMeterThread: Thread started: Thread Group 1-18
2024-04-04 15:23:00,609 INFO o.a.j.t.JMeterThread: Thread is done: Thread Group 1-9
2024-04-04 15:23:00,609 INFO o.a.j.t.JMeterThread: Thread finished: Thread Group 1-9
2024-04-04 15:23:00,650 INFO o.a.j.t.JMeterThread: Thread started: Thread Group 1-19
2024-04-04 15:23:00,701 INFO o.a.j.t.JMeterThread: Thread started: Thread Group 1-20
2024-04-04 15:23:00,746 INFO o.a.j.t.JMeterThread: Thread is done: Thread Group 1-11
2024-04-04 15:23:00,746 INFO o.a.j.t.JMeterThread: Thread finished: Thread Group 1-11
2024-04-04 15:23:00,751 INFO o.a.j.t.JMeterThread: Thread is done: Thread Group 1-16
2024-04-04 15:23:00,751 INFO o.a.j.t.JMeterThread: Thread finished: Thread Group 1-16
2024-04-04 15:23:00,772 INFO o.a.j.t.JMeterThread: Thread is done: Thread Group 1-18
2024-04-04 15:23:00,772 INFO o.a.j.t.JMeterThread: Thread finished: Thread Group 1-18
2024-04-04 15:23:00,794 INFO o.a.j.t.JMeterThread: Thread is done: Thread Group 1-13
2024-04-04 15:23:00,794 INFO o.a.j.t.JMeterThread: Thread finished: Thread Group 1-13
2024-04-04 15:23:00,828 INFO o.a.j.t.JMeterThread: Thread is done: Thread Group 1-20
2024-04-04 15:23:00,828 INFO o.a.j.t.JMeterThread: Thread finished: Thread Group 1-20
2024-04-04 15:23:00,834 INFO o.a.j.t.JMeterThread: Thread is done: Thread Group 1-5
2024-04-04 15:23:00,834 INFO o.a.j.t.JMeterThread: Thread finished: Thread Group 1-5
2024-04-04 15:23:00,861 INFO o.a.j.t.JMeterThread: Thread is done: Thread Group 1-15
2024-04-04 15:23:00,861 INFO o.a.j.t.JMeterThread: Thread finished: Thread Group 1-15
2024-04-04 15:23:00,986 INFO o.a.j.t.JMeterThread: Thread is done: Thread Group 1-17
2024-04-04 15:23:00,986 INFO o.a.j.t.JMeterThread: Thread finished: Thread Group 1-17
2024-04-04 15:23:01,089 INFO o.a.j.t.JMeterThread: Thread is done: Thread Group 1-19
2024-04-04 15:23:01,090 INFO o.a.j.t.JMeterThread: Thread finished: Thread Group 1-19
2024-04-04 15:23:01,090 INFO o.a.j.e.StandardJMeterEngine: Notifying test listeners of end of test
2024-04-04 15:23:01,090 INFO o.a.j.s.FileServer: Close: /Users/jennieyoun/Downloads/smalll - Sheet1 (1).csv
2024-04-04 15:23:01,090 INFO o.a.j.g.u.JMeterMenuBar: setRunning(false, *local*)
2024-04-04 15:23:16,155 INFO o.a.j.e.StandardJMeterEngine: Running the test!
2024-04-04 15:23:16,155 INFO o.a.j.s.SampleEvent: List of sample_variables: []
2024-04-04 15:23:16,156 INFO o.a.j.g.u.JMeterMenuBar: setRunning(true, *local*)
2024-04-04 15:23:16,205 INFO o.a.j.e.StandardJMeterEngine: Starting ThreadGroup: 1 : Thread Group
2024-04-04 15:23:16,206 INFO o.a.j.e.StandardJMeterEngine: Starting 50 threads for group Thread Group.
2024-04-04 15:23:16,206 INFO o.a.j.e.StandardJMeterEngine: Thread will continue on error
2024-04-04 15:23:16,206 INFO o.a.j.t.ThreadGroup: Starting thread group... number=1 threads=50 ramp-up=1 delayedStart=false
2024-04-04 15:23:16,207 INFO o.a.j.t.JMeterThread: Thread started: Thread Group 1-1
2024-04-04 15:23:16,207 INFO o.a.j.s.FileServer: Stored: /Users/jennieyoun/Downloads/smalll - Sheet1 (1).csv
2024-04-04 15:23:16,222 INFO o.a.j.t.ThreadGroup: Started thread group number 1
2024-04-04 15:23:16,222 INFO o.a.j.e.StandardJMeterEngine: All thread groups have been started
2024-04-04 15:23:16,228 INFO o.a.j.t.JMeterThread: Thread started: Thread Group 1-2
2024-04-04 15:23:16,247 INFO o.a.j.t.JMeterThread: Thread started: Thread Group 1-3
2024-04-04 15:23:16,267 INFO o.a.j.t.JMeterThread: Thread started: Thread Group 1-4
2024-04-04 15:23:16,290 INFO o.a.j.t.JMeterThread: Thread started: Thread Group 1-5
2024-04-04 15:23:16,311 INFO o.a.j.t.JMeterThread: Thread started: Thread Group 1-6
2024-04-04 15:23:16,327 INFO o.a.j.t.JMeterThread: Thread started: Thread Group 1-7
2024-04-04 15:23:16,347 INFO o.a.j.t.JMeterThread: Thread started: Thread Group 1-8
2024-04-04 15:23:16,368 INFO o.a.j.t.JMeterThread: Thread started: Thread Group 1-9
2024-04-04 15:23:16,390 INFO o.a.j.t.JMeterThread: Thread started: Thread Group 1-10
2024-04-04 15:23:16,407 INFO o.a.j.t.JMeterThread: Thread started: Thread Group 1-11
2024-04-04 15:23:16,427 INFO o.a.j.t.JMeterThread: Thread started: Thread Group 1-12
2024-04-04 15:23:16,446 INFO o.a.j.t.JMeterThread: Thread started: Thread Group 1-13
2024-04-04 15:23:16,467 INFO o.a.j.t.JMeterThread: Thread started: Thread Group 1-14
2024-04-04 15:23:16,487 INFO o.a.j.t.JMeterThread: Thread started: Thread Group 1-15
2024-04-04 15:23:16,497 INFO o.a.j.t.JMeterThread: Thread is done: Thread Group 1-2
2024-04-04 15:23:16,497 INFO o.a.j.t.JMeterThread: Thread finished: Thread Group 1-2
2024-04-04 15:23:16,506 INFO o.a.j.t.JMeterThread: Thread is done: Thread Group 1-4
2024-04-04 15:23:16,506 INFO o.a.j.t.JMeterThread: Thread finished: Thread Group 1-4
2024-04-04 15:23:16,507 INFO o.a.j.t.JMeterThread: Thread started: Thread Group 1-16
2024-04-04 15:23:16,531 INFO o.a.j.t.JMeterThread: Thread started: Thread Group 1-17
2024-04-04 15:23:16,547 INFO o.a.j.t.JMeterThread: Thread started: Thread Group 1-18
2024-04-04 15:23:16,567 INFO o.a.j.t.JMeterThread: Thread started: Thread Group 1-19
2024-04-04 15:23:16,589 INFO o.a.j.t.JMeterThread: Thread started: Thread Group 1-20
2024-04-04 15:23:16,607 INFO o.a.j.t.JMeterThread: Thread started: Thread Group 1-21
2024-04-04 15:23:16,628 INFO o.a.j.t.JMeterThread: Thread started: Thread Group 1-22
2024-04-04 15:23:16,648 INFO o.a.j.t.JMeterThread: Thread started: Thread Group 1-23
2024-04-04 15:23:16,668 INFO o.a.j.t.JMeterThread: Thread started: Thread Group 1-24
2024-04-04 15:23:16,672 INFO o.a.j.t.JMeterThread: Thread is done: Thread Group 1-1
2024-04-04 15:23:16,672 INFO o.a.j.t.JMeterThread: Thread finished: Thread Group 1-1
2024-04-04 15:23:16,686 INFO o.a.j.t.JMeterThread: Thread started: Thread Group 1-25
2024-04-04 15:23:16,694 INFO o.a.j.t.JMeterThread: Thread is done: Thread Group 1-8
2024-04-04 15:23:16,694 INFO o.a.j.t.JMeterThread: Thread finished: Thread Group 1-8
2024-04-04 15:23:16,696 INFO o.a.j.t.JMeterThread: Thread is done: Thread Group 1-6
2024-04-04 15:23:16,697 INFO o.a.j.t.JMeterThread: Thread finished: Thread Group 1-6
2024-04-04 15:23:16,700 INFO o.a.j.t.JMeterThread: Thread is done: Thread Group 1-12
2024-04-04 15:23:16,700 INFO o.a.j.t.JMeterThread: Thread is done: Thread Group 1-10
2024-04-04 15:23:16,700 INFO o.a.j.t.JMeterThread: Thread finished: Thread Group 1-12
2024-04-04 15:23:16,700 INFO o.a.j.t.JMeterThread: Thread finished: Thread Group 1-10
2024-04-04 15:23:16,708 INFO o.a.j.t.JMeterThread: Thread started: Thread Group 1-26
2024-04-04 15:23:16,727 INFO o.a.j.t.JMeterThread: Thread started: Thread Group 1-27
2024-04-04 15:23:16,747 INFO o.a.j.t.JMeterThread: Thread started: Thread Group 1-28
2024-04-04 15:23:16,749 INFO o.a.j.t.JMeterThread: Thread is done: Thread Group 1-18
2024-04-04 15:23:16,749 INFO o.a.j.t.JMeterThread: Thread finished: Thread Group 1-18
2024-04-04 15:23:16,750 INFO o.a.j.t.JMeterThread: Thread is done: Thread Group 1-16
2024-04-04 15:23:16,751 INFO o.a.j.t.JMeterThread: Thread finished: Thread Group 1-16
2024-04-04 15:23:16,752 INFO o.a.j.t.JMeterThread: Thread is done: Thread Group 1-22
2024-04-04 15:23:16,752 INFO o.a.j.t.JMeterThread: Thread is done: Thread Group 1-20
2024-04-04 15:23:16,752 INFO o.a.j.t.JMeterThread: Thread finished: Thread Group 1-22
2024-04-04 15:23:16,752 INFO o.a.j.t.JMeterThread: Thread finished: Thread Group 1-20
2024-04-04 15:23:16,753 INFO o.a.j.t.JMeterThread: Thread is done: Thread Group 1-14
2024-04-04 15:23:16,753 INFO o.a.j.t.JMeterThread: Thread finished: Thread Group 1-14
2024-04-04 15:23:16,770 INFO o.a.j.t.JMeterThread: Thread started: Thread Group 1-29
2024-04-04 15:23:16,790 INFO o.a.j.t.JMeterThread: Thread started: Thread Group 1-30
2024-04-04 15:23:16,809 INFO o.a.j.t.JMeterThread: Thread started: Thread Group 1-31
2024-04-04 15:23:16,827 INFO o.a.j.t.JMeterThread: Thread started: Thread Group 1-32
2024-04-04 15:23:16,847 INFO o.a.j.t.JMeterThread: Thread started: Thread Group 1-33
2024-04-04 15:23:16,868 INFO o.a.j.t.JMeterThread: Thread started: Thread Group 1-34
2024-04-04 15:23:16,877 INFO o.a.j.t.JMeterThread: Thread is done: Thread Group 1-24
2024-04-04 15:23:16,878 INFO o.a.j.t.JMeterThread: Thread finished: Thread Group 1-24
2024-04-04 15:23:16,888 INFO o.a.j.t.JMeterThread: Thread started: Thread Group 1-35
2024-04-04 15:23:16,890 INFO o.a.j.t.JMeterThread: Thread is done: Thread Group 1-26
2024-04-04 15:23:16,890 INFO o.a.j.t.JMeterThread: Thread finished: Thread Group 1-26
2024-04-04 15:23:16,907 INFO o.a.j.t.JMeterThread: Thread started: Thread Group 1-36
2024-04-04 15:23:16,928 INFO o.a.j.t.JMeterThread: Thread started: Thread Group 1-37
2024-04-04 15:23:16,947 INFO o.a.j.t.JMeterThread: Thread started: Thread Group 1-38
2024-04-04 15:23:16,968 INFO o.a.j.t.JMeterThread: Thread started: Thread Group 1-39
2024-04-04 15:23:16,987 INFO o.a.j.t.JMeterThread: Thread started: Thread Group 1-40
2024-04-04 15:23:17,009 INFO o.a.j.t.JMeterThread: Thread started: Thread Group 1-41
2024-04-04 15:23:17,023 INFO o.a.j.t.JMeterThread: Thread is done: Thread Group 1-32
2024-04-04 15:23:17,023 INFO o.a.j.t.JMeterThread: Thread finished: Thread Group 1-32
2024-04-04 15:23:17,030 INFO o.a.j.t.JMeterThread: Thread started: Thread Group 1-42
2024-04-04 15:23:17,031 INFO o.a.j.t.JMeterThread: Thread is done: Thread Group 1-5
2024-04-04 15:23:17,032 INFO o.a.j.t.JMeterThread: Thread finished: Thread Group 1-5
2024-04-04 15:23:17,040 INFO o.a.j.t.JMeterThread: Thread is done: Thread Group 1-28
2024-04-04 15:23:17,040 INFO o.a.j.t.JMeterThread: Thread finished: Thread Group 1-28
2024-04-04 15:23:17,040 INFO o.a.j.t.JMeterThread: Thread is done: Thread Group 1-30
2024-04-04 15:23:17,041 INFO o.a.j.t.JMeterThread: Thread finished: Thread Group 1-30
2024-04-04 15:23:17,046 INFO o.a.j.t.JMeterThread: Thread is done: Thread Group 1-11
2024-04-04 15:23:17,046 INFO o.a.j.t.JMeterThread: Thread finished: Thread Group 1-11
2024-04-04 15:23:17,046 INFO o.a.j.t.JMeterThread: Thread is done: Thread Group 1-9
2024-04-04 15:23:17,047 INFO o.a.j.t.JMeterThread: Thread finished: Thread Group 1-9
2024-04-04 15:23:17,050 INFO o.a.j.t.JMeterThread: Thread started: Thread Group 1-43
2024-04-04 15:23:17,068 INFO o.a.j.t.JMeterThread: Thread is done: Thread Group 1-34
2024-04-04 15:23:17,068 INFO o.a.j.t.JMeterThread: Thread finished: Thread Group 1-34
2024-04-04 15:23:17,068 INFO o.a.j.t.JMeterThread: Thread started: Thread Group 1-44
2024-04-04 15:23:17,070 INFO o.a.j.t.JMeterThread: Thread is done: Thread Group 1-38
2024-04-04 15:23:17,070 INFO o.a.j.t.JMeterThread: Thread finished: Thread Group 1-38
2024-04-04 15:23:17,070 INFO o.a.j.t.JMeterThread: Thread is done: Thread Group 1-36
2024-04-04 15:23:17,070 INFO o.a.j.t.JMeterThread: Thread finished: Thread Group 1-36
2024-04-04 15:23:17,087 INFO o.a.j.t.JMeterThread: Thread is done: Thread Group 1-13
2024-04-04 15:23:17,087 INFO o.a.j.t.JMeterThread: Thread finished: Thread Group 1-13
2024-04-04 15:23:17,090 INFO o.a.j.t.JMeterThread: Thread started: Thread Group 1-45
2024-04-04 15:23:17,091 INFO o.a.j.t.JMeterThread: Thread is done: Thread Group 1-21
2024-04-04 15:23:17,091 INFO o.a.j.t.JMeterThread: Thread finished: Thread Group 1-21
2024-04-04 15:23:17,093 INFO o.a.j.t.JMeterThread: Thread is done: Thread Group 1-40
2024-04-04 15:23:17,094 INFO o.a.j.t.JMeterThread: Thread finished: Thread Group 1-40
2024-04-04 15:23:17,096 INFO o.a.j.t.JMeterThread: Thread is done: Thread Group 1-15
2024-04-04 15:23:17,096 INFO o.a.j.t.JMeterThread: Thread finished: Thread Group 1-15
2024-04-04 15:23:17,105 INFO o.a.j.t.JMeterThread: Thread is done: Thread Group 1-19
2024-04-04 15:23:17,105 INFO o.a.j.t.JMeterThread: Thread finished: Thread Group 1-19
2024-04-04 15:23:17,108 INFO o.a.j.t.JMeterThread: Thread started: Thread Group 1-46
2024-04-04 15:23:17,125 INFO o.a.j.t.JMeterThread: Thread is done: Thread Group 1-42
2024-04-04 15:23:17,126 INFO o.a.j.t.JMeterThread: Thread finished: Thread Group 1-42
2024-04-04 15:23:17,127 INFO o.a.j.t.JMeterThread: Thread started: Thread Group 1-47
2024-04-04 15:23:17,146 INFO o.a.j.t.JMeterThread: Thread is done: Thread Group 1-3
2024-04-04 15:23:17,146 INFO o.a.j.t.JMeterThread: Thread finished: Thread Group 1-3
2024-04-04 15:23:17,146 INFO o.a.j.t.JMeterThread: Thread started: Thread Group 1-48
2024-04-04 15:23:17,168 INFO o.a.j.t.JMeterThread: Thread started: Thread Group 1-49
2024-04-04 15:23:17,172 INFO o.a.j.t.JMeterThread: Thread is done: Thread Group 1-44
2024-04-04 15:23:17,172 INFO o.a.j.t.JMeterThread: Thread finished: Thread Group 1-44
2024-04-04 15:23:17,187 INFO o.a.j.t.JMeterThread: Thread started: Thread Group 1-50
2024-04-04 15:23:17,191 INFO o.a.j.t.JMeterThread: Thread is done: Thread Group 1-46
2024-04-04 15:23:17,191 INFO o.a.j.t.JMeterThread: Thread finished: Thread Group 1-46
2024-04-04 15:23:17,242 INFO o.a.j.t.JMeterThread: Thread is done: Thread Group 1-48
2024-04-04 15:23:17,242 INFO o.a.j.t.JMeterThread: Thread is done: Thread Group 1-25
2024-04-04 15:23:17,243 INFO o.a.j.t.JMeterThread: Thread finished: Thread Group 1-48
2024-04-04 15:23:17,243 INFO o.a.j.t.JMeterThread: Thread finished: Thread Group 1-25
2024-04-04 15:23:17,269 INFO o.a.j.t.JMeterThread: Thread is done: Thread Group 1-50
2024-04-04 15:23:17,269 INFO o.a.j.t.JMeterThread: Thread finished: Thread Group 1-50
2024-04-04 15:23:17,273 INFO o.a.j.t.JMeterThread: Thread is done: Thread Group 1-27
2024-04-04 15:23:17,273 INFO o.a.j.t.JMeterThread: Thread finished: Thread Group 1-27
2024-04-04 15:23:17,387 INFO o.a.j.t.JMeterThread: Thread is done: Thread Group 1-31
2024-04-04 15:23:17,387 INFO o.a.j.t.JMeterThread: Thread is done: Thread Group 1-29
2024-04-04 15:23:17,387 INFO o.a.j.t.JMeterThread: Thread is done: Thread Group 1-17
2024-04-04 15:23:17,387 INFO o.a.j.t.JMeterThread: Thread finished: Thread Group 1-29
2024-04-04 15:23:17,387 INFO o.a.j.t.JMeterThread: Thread finished: Thread Group 1-17
2024-04-04 15:23:17,387 INFO o.a.j.t.JMeterThread: Thread finished: Thread Group 1-31
2024-04-04 15:23:17,387 INFO o.a.j.t.JMeterThread: Thread is done: Thread Group 1-7
2024-04-04 15:23:17,387 INFO o.a.j.t.JMeterThread: Thread finished: Thread Group 1-7
2024-04-04 15:23:17,399 INFO o.a.j.t.JMeterThread: Thread is done: Thread Group 1-37
2024-04-04 15:23:17,399 INFO o.a.j.t.JMeterThread: Thread finished: Thread Group 1-37
2024-04-04 15:23:17,521 INFO o.a.j.t.JMeterThread: Thread is done: Thread Group 1-39
2024-04-04 15:23:17,521 INFO o.a.j.t.JMeterThread: Thread finished: Thread Group 1-39
2024-04-04 15:23:17,521 INFO o.a.j.t.JMeterThread: Thread is done: Thread Group 1-23
2024-04-04 15:23:17,521 INFO o.a.j.t.JMeterThread: Thread finished: Thread Group 1-23
2024-04-04 15:23:17,527 INFO o.a.j.t.JMeterThread: Thread is done: Thread Group 1-33
2024-04-04 15:23:17,527 INFO o.a.j.t.JMeterThread: Thread finished: Thread Group 1-33
2024-04-04 15:23:17,569 INFO o.a.j.t.JMeterThread: Thread is done: Thread Group 1-35
2024-04-04 15:23:17,569 INFO o.a.j.t.JMeterThread: Thread finished: Thread Group 1-35
2024-04-04 15:23:17,594 INFO o.a.j.t.JMeterThread: Thread is done: Thread Group 1-41
2024-04-04 15:23:17,595 INFO o.a.j.t.JMeterThread: Thread finished: Thread Group 1-41
2024-04-04 15:23:17,608 INFO o.a.j.t.JMeterThread: Thread is done: Thread Group 1-49
2024-04-04 15:23:17,608 INFO o.a.j.t.JMeterThread: Thread finished: Thread Group 1-49
2024-04-04 15:23:17,637 INFO o.a.j.t.JMeterThread: Thread is done: Thread Group 1-43
2024-04-04 15:23:17,637 INFO o.a.j.t.JMeterThread: Thread finished: Thread Group 1-43
2024-04-04 15:23:17,703 INFO o.a.j.t.JMeterThread: Thread is done: Thread Group 1-45
2024-04-04 15:23:17,703 INFO o.a.j.t.JMeterThread: Thread finished: Thread Group 1-45
2024-04-04 15:23:17,719 INFO o.a.j.t.JMeterThread: Thread is done: Thread Group 1-47
2024-04-04 15:23:17,719 INFO o.a.j.t.JMeterThread: Thread finished: Thread Group 1-47
2024-04-04 15:23:17,720 INFO o.a.j.e.StandardJMeterEngine: Notifying test listeners of end of test
2024-04-04 15:23:17,720 INFO o.a.j.s.FileServer: Close: /Users/jennieyoun/Downloads/smalll - Sheet1 (1).csv
2024-04-04 15:23:17,720 INFO o.a.j.g.u.JMeterMenuBar: setRunning(false, *local*)
2024-04-04 15:26:03,808 INFO o.a.j.e.StandardJMeterEngine: Running the test!
2024-04-04 15:26:03,808 INFO o.a.j.s.SampleEvent: List of sample_variables: []
2024-04-04 15:26:03,809 INFO o.a.j.g.u.JMeterMenuBar: setRunning(true, *local*)
2024-04-04 15:26:03,859 INFO o.a.j.e.StandardJMeterEngine: Starting ThreadGroup: 1 : Thread Group
2024-04-04 15:26:03,859 INFO o.a.j.e.StandardJMeterEngine: Starting 30 threads for group Thread Group.
2024-04-04 15:26:03,859 INFO o.a.j.e.StandardJMeterEngine: Thread will continue on error
2024-04-04 15:26:03,859 INFO o.a.j.t.ThreadGroup: Starting thread group... number=1 threads=30 ramp-up=1 delayedStart=false
2024-04-04 15:26:03,861 INFO o.a.j.t.JMeterThread: Thread started: Thread Group 1-1
2024-04-04 15:26:03,862 INFO o.a.j.s.FileServer: Stored: /Users/jennieyoun/Downloads/smalll - Sheet1 (2).csv
2024-04-04 15:26:03,869 INFO o.a.j.t.ThreadGroup: Started thread group number 1
2024-04-04 15:26:03,869 INFO o.a.j.e.StandardJMeterEngine: All thread groups have been started
2024-04-04 15:26:03,893 INFO o.a.j.t.JMeterThread: Thread started: Thread Group 1-2
2024-04-04 15:26:03,926 INFO o.a.j.t.JMeterThread: Thread started: Thread Group 1-3
2024-04-04 15:26:03,959 INFO o.a.j.t.JMeterThread: Thread started: Thread Group 1-4
2024-04-04 15:26:03,979 INFO o.a.j.t.JMeterThread: Thread is done: Thread Group 1-2
2024-04-04 15:26:03,979 INFO o.a.j.t.JMeterThread: Thread finished: Thread Group 1-2
2024-04-04 15:26:03,992 INFO o.a.j.t.JMeterThread: Thread started: Thread Group 1-5
2024-04-04 15:26:04,028 INFO o.a.j.t.JMeterThread: Thread started: Thread Group 1-6
2024-04-04 15:26:04,062 INFO o.a.j.t.JMeterThread: Thread started: Thread Group 1-7
2024-04-04 15:26:04,093 INFO o.a.j.t.JMeterThread: Thread started: Thread Group 1-8
2024-04-04 15:26:04,125 INFO o.a.j.t.JMeterThread: Thread started: Thread Group 1-9
2024-04-04 15:26:04,161 INFO o.a.j.t.JMeterThread: Thread started: Thread Group 1-10
2024-04-04 15:26:04,192 INFO o.a.j.t.JMeterThread: Thread started: Thread Group 1-11
2024-04-04 15:26:04,224 INFO o.a.j.t.JMeterThread: Thread started: Thread Group 1-12
2024-04-04 15:26:04,255 INFO o.a.j.t.JMeterThread: Thread is done: Thread Group 1-1
2024-04-04 15:26:04,255 INFO o.a.j.t.JMeterThread: Thread finished: Thread Group 1-1
2024-04-04 15:26:04,256 INFO o.a.j.t.JMeterThread: Thread started: Thread Group 1-13
2024-04-04 15:26:04,292 INFO o.a.j.t.JMeterThread: Thread started: Thread Group 1-14
2024-04-04 15:26:04,326 INFO o.a.j.t.JMeterThread: Thread is done: Thread Group 1-10
2024-04-04 15:26:04,326 INFO o.a.j.t.JMeterThread: Thread finished: Thread Group 1-10
2024-04-04 15:26:04,326 INFO o.a.j.t.JMeterThread: Thread started: Thread Group 1-15
2024-04-04 15:26:04,333 INFO o.a.j.t.JMeterThread: Thread is done: Thread Group 1-6
2024-04-04 15:26:04,333 INFO o.a.j.t.JMeterThread: Thread finished: Thread Group 1-6
2024-04-04 15:26:04,355 INFO o.a.j.t.JMeterThread: Thread started: Thread Group 1-16
2024-04-04 15:26:04,389 INFO o.a.j.t.JMeterThread: Thread started: Thread Group 1-17
2024-04-04 15:26:04,414 INFO o.a.j.t.JMeterThread: Thread is done: Thread Group 1-14
2024-04-04 15:26:04,414 INFO o.a.j.t.JMeterThread: Thread finished: Thread Group 1-14
2024-04-04 15:26:04,426 INFO o.a.j.t.JMeterThread: Thread started: Thread Group 1-18
2024-04-04 15:26:04,454 INFO o.a.j.t.JMeterThread: Thread started: Thread Group 1-19
2024-04-04 15:26:04,489 INFO o.a.j.t.JMeterThread: Thread started: Thread Group 1-20
2024-04-04 15:26:04,524 INFO o.a.j.t.JMeterThread: Thread started: Thread Group 1-21
2024-04-04 15:26:04,546 INFO o.a.j.t.JMeterThread: Thread is done: Thread Group 1-18
2024-04-04 15:26:04,546 INFO o.a.j.t.JMeterThread: Thread finished: Thread Group 1-18
2024-04-04 15:26:04,553 INFO o.a.j.t.JMeterThread: Thread started: Thread Group 1-22
2024-04-04 15:26:04,590 INFO o.a.j.t.JMeterThread: Thread started: Thread Group 1-23
2024-04-04 15:26:04,622 INFO o.a.j.t.JMeterThread: Thread started: Thread Group 1-24
2024-04-04 15:26:04,640 INFO o.a.j.t.JMeterThread: Thread is done: Thread Group 1-9
2024-04-04 15:26:04,640 INFO o.a.j.t.JMeterThread: Thread finished: Thread Group 1-9
2024-04-04 15:26:04,640 INFO o.a.j.t.JMeterThread: Thread is done: Thread Group 1-5
2024-04-04 15:26:04,640 INFO o.a.j.t.JMeterThread: Thread finished: Thread Group 1-5
2024-04-04 15:26:04,652 INFO o.a.j.t.JMeterThread: Thread started: Thread Group 1-25
2024-04-04 15:26:04,660 INFO o.a.j.t.JMeterThread: Thread is done: Thread Group 1-12
2024-04-04 15:26:04,660 INFO o.a.j.t.JMeterThread: Thread finished: Thread Group 1-12
2024-04-04 15:26:04,661 INFO o.a.j.t.JMeterThread: Thread is done: Thread Group 1-20
2024-04-04 15:26:04,661 INFO o.a.j.t.JMeterThread: Thread finished: Thread Group 1-20
2024-04-04 15:26:04,689 INFO o.a.j.t.JMeterThread: Thread started: Thread Group 1-26
2024-04-04 15:26:04,720 INFO o.a.j.t.JMeterThread: Thread started: Thread Group 1-27
2024-04-04 15:26:04,753 INFO o.a.j.t.JMeterThread: Thread started: Thread Group 1-28
2024-04-04 15:26:04,785 INFO o.a.j.t.JMeterThread: Thread started: Thread Group 1-29
2024-04-04 15:26:04,805 INFO o.a.j.t.JMeterThread: Thread is done: Thread Group 1-13
2024-04-04 15:26:04,810 INFO o.a.j.t.JMeterThread: Thread finished: Thread Group 1-13
2024-04-04 15:26:04,822 INFO o.a.j.t.JMeterThread: Thread is done: Thread Group 1-24
2024-04-04 15:26:04,820 INFO o.a.j.t.JMeterThread: Thread started: Thread Group 1-30
2024-04-04 15:26:04,821 INFO o.a.j.t.JMeterThread: Thread is done: Thread Group 1-22
2024-04-04 15:26:04,830 INFO o.a.j.t.JMeterThread: Thread finished: Thread Group 1-22
2024-04-04 15:26:04,830 INFO o.a.j.t.JMeterThread: Thread finished: Thread Group 1-24
2024-04-04 15:26:04,831 INFO o.a.j.t.JMeterThread: Thread is done: Thread Group 1-17
2024-04-04 15:26:04,831 INFO o.a.j.t.JMeterThread: Thread finished: Thread Group 1-17
2024-04-04 15:26:04,884 INFO o.a.j.t.JMeterThread: Thread is done: Thread Group 1-28
2024-04-04 15:26:04,884 INFO o.a.j.t.JMeterThread: Thread finished: Thread Group 1-28
2024-04-04 15:26:04,922 INFO o.a.j.t.JMeterThread: Thread is done: Thread Group 1-7
2024-04-04 15:26:04,922 INFO o.a.j.t.JMeterThread: Thread finished: Thread Group 1-7
2024-04-04 15:26:04,925 INFO o.a.j.t.JMeterThread: Thread is done: Thread Group 1-11
2024-04-04 15:26:04,925 INFO o.a.j.t.JMeterThread: Thread finished: Thread Group 1-11
2024-04-04 15:26:04,946 INFO o.a.j.t.JMeterThread: Thread is done: Thread Group 1-4
2024-04-04 15:26:04,946 INFO o.a.j.t.JMeterThread: Thread finished: Thread Group 1-4
2024-04-04 15:26:04,951 INFO o.a.j.t.JMeterThread: Thread is done: Thread Group 1-30
2024-04-04 15:26:04,951 INFO o.a.j.t.JMeterThread: Thread finished: Thread Group 1-30
2024-04-04 15:26:04,960 INFO o.a.j.t.JMeterThread: Thread is done: Thread Group 1-16
2024-04-04 15:26:04,960 INFO o.a.j.t.JMeterThread: Thread finished: Thread Group 1-16
2024-04-04 15:26:04,967 INFO o.a.j.t.JMeterThread: Thread is done: Thread Group 1-3
2024-04-04 15:26:04,967 INFO o.a.j.t.JMeterThread: Thread finished: Thread Group 1-3
2024-04-04 15:26:05,017 INFO o.a.j.t.JMeterThread: Thread is done: Thread Group 1-8
2024-04-04 15:26:05,017 INFO o.a.j.t.JMeterThread: Thread finished: Thread Group 1-8
2024-04-04 15:26:05,036 INFO o.a.j.t.JMeterThread: Thread is done: Thread Group 1-19
2024-04-04 15:26:05,036 INFO o.a.j.t.JMeterThread: Thread finished: Thread Group 1-19
2024-04-04 15:26:05,070 INFO o.a.j.t.JMeterThread: Thread is done: Thread Group 1-15
2024-04-04 15:26:05,071 INFO o.a.j.t.JMeterThread: Thread finished: Thread Group 1-15
2024-04-04 15:26:05,161 INFO o.a.j.t.JMeterThread: Thread is done: Thread Group 1-23
2024-04-04 15:26:05,161 INFO o.a.j.t.JMeterThread: Thread finished: Thread Group 1-23
2024-04-04 15:26:05,297 INFO o.a.j.t.JMeterThread: Thread is done: Thread Group 1-29
2024-04-04 15:26:05,297 INFO o.a.j.t.JMeterThread: Thread is done: Thread Group 1-27
2024-04-04 15:26:05,297 INFO o.a.j.t.JMeterThread: Thread finished: Thread Group 1-29
2024-04-04 15:26:05,297 INFO o.a.j.t.JMeterThread: Thread finished: Thread Group 1-27
2024-04-04 15:26:05,496 INFO o.a.j.t.JMeterThread: Thread is done: Thread Group 1-21
2024-04-04 15:26:05,496 INFO o.a.j.t.JMeterThread: Thread finished: Thread Group 1-21
2024-04-04 15:26:05,862 INFO o.a.j.t.JMeterThread: Thread is done: Thread Group 1-26
2024-04-04 15:26:05,862 INFO o.a.j.t.JMeterThread: Thread finished: Thread Group 1-26
2024-04-04 15:26:06,211 INFO o.a.j.t.JMeterThread: Thread is done: Thread Group 1-25
2024-04-04 15:26:06,211 INFO o.a.j.t.JMeterThread: Thread finished: Thread Group 1-25
2024-04-04 15:26:06,211 INFO o.a.j.e.StandardJMeterEngine: Notifying test listeners of end of test
2024-04-04 15:26:06,211 INFO o.a.j.s.FileServer: Close: /Users/jennieyoun/Downloads/smalll - Sheet1 (2).csv
2024-04-04 15:26:06,211 INFO o.a.j.g.u.JMeterMenuBar: setRunning(false, *local*)
2024-04-04 15:26:37,151 INFO o.a.j.e.StandardJMeterEngine: Running the test!
2024-04-04 15:26:37,151 INFO o.a.j.s.SampleEvent: List of sample_variables: []
2024-04-04 15:26:37,152 INFO o.a.j.g.u.JMeterMenuBar: setRunning(true, *local*)
2024-04-04 15:26:37,203 INFO o.a.j.e.StandardJMeterEngine: Starting ThreadGroup: 1 : Thread Group
2024-04-04 15:26:37,203 INFO o.a.j.e.StandardJMeterEngine: Starting 70 threads for group Thread Group.
2024-04-04 15:26:37,203 INFO o.a.j.e.StandardJMeterEngine: Thread will continue on error
2024-04-04 15:26:37,203 INFO o.a.j.t.ThreadGroup: Starting thread group... number=1 threads=70 ramp-up=1 delayedStart=false
2024-04-04 15:26:37,204 INFO o.a.j.t.JMeterThread: Thread started: Thread Group 1-1
2024-04-04 15:26:37,205 INFO o.a.j.s.FileServer: Stored: /Users/jennieyoun/Downloads/smalll - Sheet1 (2).csv
2024-04-04 15:26:37,217 INFO o.a.j.t.JMeterThread: Thread started: Thread Group 1-2
2024-04-04 15:26:37,221 INFO o.a.j.t.ThreadGroup: Started thread group number 1
2024-04-04 15:26:37,221 INFO o.a.j.e.StandardJMeterEngine: All thread groups have been started
2024-04-04 15:26:37,233 INFO o.a.j.t.JMeterThread: Thread started: Thread Group 1-3
2024-04-04 15:26:37,246 INFO o.a.j.t.JMeterThread: Thread started: Thread Group 1-4
2024-04-04 15:26:37,261 INFO o.a.j.t.JMeterThread: Thread started: Thread Group 1-5
2024-04-04 15:26:37,276 INFO o.a.j.t.JMeterThread: Thread started: Thread Group 1-6
2024-04-04 15:26:37,292 INFO o.a.j.t.JMeterThread: Thread started: Thread Group 1-7
2024-04-04 15:26:37,305 INFO o.a.j.t.JMeterThread: Thread started: Thread Group 1-8
2024-04-04 15:26:37,320 INFO o.a.j.t.JMeterThread: Thread started: Thread Group 1-9
2024-04-04 15:26:37,330 INFO o.a.j.t.JMeterThread: Thread started: Thread Group 1-10
2024-04-04 15:26:37,346 INFO o.a.j.t.JMeterThread: Thread started: Thread Group 1-11
2024-04-04 15:26:37,359 INFO o.a.j.t.JMeterThread: Thread is done: Thread Group 1-4
2024-04-04 15:26:37,360 INFO o.a.j.t.JMeterThread: Thread is done: Thread Group 1-2
2024-04-04 15:26:37,360 INFO o.a.j.t.JMeterThread: Thread finished: Thread Group 1-2
2024-04-04 15:26:37,360 INFO o.a.j.t.JMeterThread: Thread finished: Thread Group 1-4
2024-04-04 15:26:37,360 INFO o.a.j.t.JMeterThread: Thread started: Thread Group 1-12
2024-04-04 15:26:37,370 INFO o.a.j.t.JMeterThread: Thread is done: Thread Group 1-6
2024-04-04 15:26:37,370 INFO o.a.j.t.JMeterThread: Thread finished: Thread Group 1-6
2024-04-04 15:26:37,373 INFO o.a.j.t.JMeterThread: Thread started: Thread Group 1-13
2024-04-04 15:26:37,390 INFO o.a.j.t.JMeterThread: Thread started: Thread Group 1-14
2024-04-04 15:26:37,402 INFO o.a.j.t.JMeterThread: Thread started: Thread Group 1-15
2024-04-04 15:26:37,414 INFO o.a.j.t.JMeterThread: Thread started: Thread Group 1-16
2024-04-04 15:26:37,429 INFO o.a.j.t.JMeterThread: Thread started: Thread Group 1-17
2024-04-04 15:26:37,442 INFO o.a.j.t.JMeterThread: Thread started: Thread Group 1-18
2024-04-04 15:26:37,457 INFO o.a.j.t.JMeterThread: Thread is done: Thread Group 1-8
2024-04-04 15:26:37,457 INFO o.a.j.t.JMeterThread: Thread finished: Thread Group 1-8
2024-04-04 15:26:37,459 INFO o.a.j.t.JMeterThread: Thread started: Thread Group 1-19
2024-04-04 15:26:37,473 INFO o.a.j.t.JMeterThread: Thread started: Thread Group 1-20
2024-04-04 15:26:37,485 INFO o.a.j.t.JMeterThread: Thread started: Thread Group 1-21
2024-04-04 15:26:37,493 INFO o.a.j.t.JMeterThread: Thread is done: Thread Group 1-10
2024-04-04 15:26:37,493 INFO o.a.j.t.JMeterThread: Thread finished: Thread Group 1-10
2024-04-04 15:26:37,496 INFO o.a.j.t.JMeterThread: Thread is done: Thread Group 1-12
2024-04-04 15:26:37,496 INFO o.a.j.t.JMeterThread: Thread finished: Thread Group 1-12
2024-04-04 15:26:37,500 INFO o.a.j.t.JMeterThread: Thread started: Thread Group 1-22
2024-04-04 15:26:37,513 INFO o.a.j.t.JMeterThread: Thread is done: Thread Group 1-14
2024-04-04 15:26:37,513 INFO o.a.j.t.JMeterThread: Thread finished: Thread Group 1-14
2024-04-04 15:26:37,514 INFO o.a.j.t.JMeterThread: Thread is done: Thread Group 1-16
2024-04-04 15:26:37,514 INFO o.a.j.t.JMeterThread: Thread finished: Thread Group 1-16
2024-04-04 15:26:37,516 INFO o.a.j.t.JMeterThread: Thread started: Thread Group 1-23
2024-04-04 15:26:37,528 INFO o.a.j.t.JMeterThread: Thread started: Thread Group 1-24
2024-04-04 15:26:37,544 INFO o.a.j.t.JMeterThread: Thread started: Thread Group 1-25
2024-04-04 15:26:37,554 INFO o.a.j.t.JMeterThread: Thread started: Thread Group 1-26
2024-04-04 15:26:37,555 INFO o.a.j.t.JMeterThread: Thread is done: Thread Group 1-18
2024-04-04 15:26:37,555 INFO o.a.j.t.JMeterThread: Thread finished: Thread Group 1-18
2024-04-04 15:26:37,568 INFO o.a.j.t.JMeterThread: Thread is done: Thread Group 1-20
2024-04-04 15:26:37,568 INFO o.a.j.t.JMeterThread: Thread finished: Thread Group 1-20
2024-04-04 15:26:37,569 INFO o.a.j.t.JMeterThread: Thread started: Thread Group 1-27
2024-04-04 15:26:37,582 INFO o.a.j.t.JMeterThread: Thread started: Thread Group 1-28
2024-04-04 15:26:37,599 INFO o.a.j.t.JMeterThread: Thread started: Thread Group 1-29
2024-04-04 15:26:37,611 INFO o.a.j.t.JMeterThread: Thread started: Thread Group 1-30
2024-04-04 15:26:37,625 INFO o.a.j.t.JMeterThread: Thread started: Thread Group 1-31
2024-04-04 15:26:37,640 INFO o.a.j.t.JMeterThread: Thread started: Thread Group 1-32
2024-04-04 15:26:37,656 INFO o.a.j.t.JMeterThread: Thread started: Thread Group 1-33
2024-04-04 15:26:37,669 INFO o.a.j.t.JMeterThread: Thread started: Thread Group 1-34
2024-04-04 15:26:37,680 INFO o.a.j.t.JMeterThread: Thread started: Thread Group 1-35
2024-04-04 15:26:37,694 INFO o.a.j.t.JMeterThread: Thread started: Thread Group 1-36
2024-04-04 15:26:37,708 INFO o.a.j.t.JMeterThread: Thread started: Thread Group 1-37
2024-04-04 15:26:37,725 INFO o.a.j.t.JMeterThread: Thread started: Thread Group 1-38
2024-04-04 15:26:37,740 INFO o.a.j.t.JMeterThread: Thread started: Thread Group 1-39
2024-04-04 15:26:37,751 INFO o.a.j.t.JMeterThread: Thread started: Thread Group 1-40
2024-04-04 15:26:37,767 INFO o.a.j.t.JMeterThread: Thread started: Thread Group 1-41
2024-04-04 15:26:37,778 INFO o.a.j.t.JMeterThread: Thread started: Thread Group 1-42
2024-04-04 15:26:37,791 INFO o.a.j.t.JMeterThread: Thread started: Thread Group 1-43
2024-04-04 15:26:37,805 INFO o.a.j.t.JMeterThread: Thread is done: Thread Group 1-1
2024-04-04 15:26:37,805 INFO o.a.j.t.JMeterThread: Thread finished: Thread Group 1-1
2024-04-04 15:26:37,806 INFO o.a.j.t.JMeterThread: Thread is done: Thread Group 1-5
2024-04-04 15:26:37,806 INFO o.a.j.t.JMeterThread: Thread finished: Thread Group 1-5
2024-04-04 15:26:37,806 INFO o.a.j.t.JMeterThread: Thread is done: Thread Group 1-9
2024-04-04 15:26:37,806 INFO o.a.j.t.JMeterThread: Thread is done: Thread Group 1-13
2024-04-04 15:26:37,806 INFO o.a.j.t.JMeterThread: Thread finished: Thread Group 1-9
2024-04-04 15:26:37,806 INFO o.a.j.t.JMeterThread: Thread finished: Thread Group 1-13
2024-04-04 15:26:37,809 INFO o.a.j.t.JMeterThread: Thread started: Thread Group 1-44
2024-04-04 15:26:37,823 INFO o.a.j.t.JMeterThread: Thread started: Thread Group 1-45
2024-04-04 15:26:37,826 INFO o.a.j.t.JMeterThread: Thread is done: Thread Group 1-22
2024-04-04 15:26:37,826 INFO o.a.j.t.JMeterThread: Thread finished: Thread Group 1-22
2024-04-04 15:26:37,834 INFO o.a.j.t.JMeterThread: Thread started: Thread Group 1-46
2024-04-04 15:26:37,839 INFO o.a.j.t.JMeterThread: Thread is done: Thread Group 1-17
2024-04-04 15:26:37,839 INFO o.a.j.t.JMeterThread: Thread finished: Thread Group 1-17
2024-04-04 15:26:37,849 INFO o.a.j.t.JMeterThread: Thread started: Thread Group 1-47
2024-04-04 15:26:37,863 INFO o.a.j.t.JMeterThread: Thread started: Thread Group 1-48
2024-04-04 15:26:37,877 INFO o.a.j.t.JMeterThread: Thread started: Thread Group 1-49
2024-04-04 15:26:37,892 INFO o.a.j.t.JMeterThread: Thread started: Thread Group 1-50
2024-04-04 15:26:37,907 INFO o.a.j.t.JMeterThread: Thread started: Thread Group 1-51
2024-04-04 15:26:37,914 INFO o.a.j.t.JMeterThread: Thread is done: Thread Group 1-3
2024-04-04 15:26:37,914 INFO o.a.j.t.JMeterThread: Thread finished: Thread Group 1-3
2024-04-04 15:26:37,919 INFO o.a.j.t.JMeterThread: Thread started: Thread Group 1-52
2024-04-04 15:26:37,922 INFO o.a.j.t.JMeterThread: Thread is done: Thread Group 1-24
2024-04-04 15:26:37,922 INFO o.a.j.t.JMeterThread: Thread finished: Thread Group 1-24
2024-04-04 15:26:37,927 INFO o.a.j.t.JMeterThread: Thread is done: Thread Group 1-40
2024-04-04 15:26:37,927 INFO o.a.j.t.JMeterThread: Thread finished: Thread Group 1-40
2024-04-04 15:26:37,932 INFO o.a.j.t.JMeterThread: Thread is done: Thread Group 1-32
2024-04-04 15:26:37,932 INFO o.a.j.t.JMeterThread: Thread is done: Thread Group 1-30
2024-04-04 15:26:37,932 INFO o.a.j.t.JMeterThread: Thread finished: Thread Group 1-30
2024-04-04 15:26:37,933 INFO o.a.j.t.JMeterThread: Thread is done: Thread Group 1-34
2024-04-04 15:26:37,933 INFO o.a.j.t.JMeterThread: Thread finished: Thread Group 1-34
2024-04-04 15:26:37,932 INFO o.a.j.t.JMeterThread: Thread finished: Thread Group 1-32
2024-04-04 15:26:37,934 INFO o.a.j.t.JMeterThread: Thread is done: Thread Group 1-38
2024-04-04 15:26:37,934 INFO o.a.j.t.JMeterThread: Thread finished: Thread Group 1-38
2024-04-04 15:26:37,933 INFO o.a.j.t.JMeterThread: Thread started: Thread Group 1-53
2024-04-04 15:26:37,933 INFO o.a.j.t.JMeterThread: Thread is done: Thread Group 1-28
2024-04-04 15:26:37,937 INFO o.a.j.t.JMeterThread: Thread finished: Thread Group 1-28
2024-04-04 15:26:37,935 INFO o.a.j.t.JMeterThread: Thread is done: Thread Group 1-26
2024-04-04 15:26:37,937 INFO o.a.j.t.JMeterThread: Thread finished: Thread Group 1-26
2024-04-04 15:26:37,935 INFO o.a.j.t.JMeterThread: Thread is done: Thread Group 1-36
2024-04-04 15:26:37,938 INFO o.a.j.t.JMeterThread: Thread finished: Thread Group 1-36
2024-04-04 15:26:37,946 INFO o.a.j.t.JMeterThread: Thread started: Thread Group 1-54
2024-04-04 15:26:37,950 INFO o.a.j.t.JMeterThread: Thread is done: Thread Group 1-42
2024-04-04 15:26:37,974 INFO o.a.j.t.JMeterThread: Thread started: Thread Group 1-56
2024-04-04 15:26:37,960 INFO o.a.j.t.JMeterThread: Thread started: Thread Group 1-55
2024-04-04 15:26:37,960 INFO o.a.j.t.JMeterThread: Thread is done: Thread Group 1-46
2024-04-04 15:26:37,957 INFO o.a.j.t.JMeterThread: Thread is done: Thread Group 1-44
2024-04-04 15:26:37,988 INFO o.a.j.t.JMeterThread: Thread finished: Thread Group 1-46
2024-04-04 15:26:37,988 INFO o.a.j.t.JMeterThread: Thread finished: Thread Group 1-42
2024-04-04 15:26:37,988 INFO o.a.j.t.JMeterThread: Thread finished: Thread Group 1-44
2024-04-04 15:26:37,990 INFO o.a.j.t.JMeterThread: Thread started: Thread Group 1-57
2024-04-04 15:26:38,002 INFO o.a.j.t.JMeterThread: Thread started: Thread Group 1-58
2024-04-04 15:26:38,016 INFO o.a.j.t.JMeterThread: Thread started: Thread Group 1-59
2024-04-04 15:26:38,026 INFO o.a.j.t.JMeterThread: Thread is done: Thread Group 1-48
2024-04-04 15:26:38,026 INFO o.a.j.t.JMeterThread: Thread finished: Thread Group 1-48
2024-04-04 15:26:38,030 INFO o.a.j.t.JMeterThread: Thread started: Thread Group 1-60
2024-04-04 15:26:38,036 INFO o.a.j.t.JMeterThread: Thread is done: Thread Group 1-15
2024-04-04 15:26:38,036 INFO o.a.j.t.JMeterThread: Thread finished: Thread Group 1-15
2024-04-04 15:26:38,036 INFO o.a.j.t.JMeterThread: Thread is done: Thread Group 1-7
2024-04-04 15:26:38,036 INFO o.a.j.t.JMeterThread: Thread is done: Thread Group 1-11
2024-04-04 15:26:38,036 INFO o.a.j.t.JMeterThread: Thread finished: Thread Group 1-7
2024-04-04 15:26:38,036 INFO o.a.j.t.JMeterThread: Thread finished: Thread Group 1-11
2024-04-04 15:26:38,048 INFO o.a.j.t.JMeterThread: Thread started: Thread Group 1-61
2024-04-04 15:26:38,056 INFO o.a.j.t.JMeterThread: Thread is done: Thread Group 1-50
2024-04-04 15:26:38,057 INFO o.a.j.t.JMeterThread: Thread finished: Thread Group 1-50
2024-04-04 15:26:38,058 INFO o.a.j.t.JMeterThread: Thread started: Thread Group 1-62
2024-04-04 15:26:38,073 INFO o.a.j.t.JMeterThread: Thread started: Thread Group 1-63
2024-04-04 15:26:38,081 INFO o.a.j.t.JMeterThread: Thread is done: Thread Group 1-54
2024-04-04 15:26:38,081 INFO o.a.j.t.JMeterThread: Thread is done: Thread Group 1-52
2024-04-04 15:26:38,081 INFO o.a.j.t.JMeterThread: Thread finished: Thread Group 1-54
2024-04-04 15:26:38,081 INFO o.a.j.t.JMeterThread: Thread finished: Thread Group 1-52
2024-04-04 15:26:38,090 INFO o.a.j.t.JMeterThread: Thread started: Thread Group 1-64
2024-04-04 15:26:38,100 INFO o.a.j.t.JMeterThread: Thread started: Thread Group 1-65
2024-04-04 15:26:38,114 INFO o.a.j.t.JMeterThread: Thread started: Thread Group 1-66
2024-04-04 15:26:38,128 INFO o.a.j.t.JMeterThread: Thread started: Thread Group 1-67
2024-04-04 15:26:38,141 INFO o.a.j.t.JMeterThread: Thread started: Thread Group 1-68
2024-04-04 15:26:38,158 INFO o.a.j.t.JMeterThread: Thread started: Thread Group 1-69
2024-04-04 15:26:38,174 INFO o.a.j.t.JMeterThread: Thread started: Thread Group 1-70
2024-04-04 15:26:38,193 INFO o.a.j.t.JMeterThread: Thread is done: Thread Group 1-23
2024-04-04 15:26:38,193 INFO o.a.j.t.JMeterThread: Thread is done: Thread Group 1-19
2024-04-04 15:26:38,193 INFO o.a.j.t.JMeterThread: Thread finished: Thread Group 1-19
2024-04-04 15:26:38,193 INFO o.a.j.t.JMeterThread: Thread finished: Thread Group 1-23
2024-04-04 15:26:38,208 INFO o.a.j.t.JMeterThread: Thread is done: Thread Group 1-25
2024-04-04 15:26:38,208 INFO o.a.j.t.JMeterThread: Thread finished: Thread Group 1-25
2024-04-04 15:26:38,211 INFO o.a.j.t.JMeterThread: Thread is done: Thread Group 1-58
2024-04-04 15:26:38,211 INFO o.a.j.t.JMeterThread: Thread finished: Thread Group 1-58
2024-04-04 15:26:38,215 INFO o.a.j.t.JMeterThread: Thread is done: Thread Group 1-55
2024-04-04 15:26:38,215 INFO o.a.j.t.JMeterThread: Thread finished: Thread Group 1-55
2024-04-04 15:26:38,218 INFO o.a.j.t.JMeterThread: Thread is done: Thread Group 1-21
2024-04-04 15:26:38,218 INFO o.a.j.t.JMeterThread: Thread finished: Thread Group 1-21
2024-04-04 15:26:38,232 INFO o.a.j.t.JMeterThread: Thread is done: Thread Group 1-33
2024-04-04 15:26:38,232 INFO o.a.j.t.JMeterThread: Thread finished: Thread Group 1-33
2024-04-04 15:26:38,234 INFO o.a.j.t.JMeterThread: Thread is done: Thread Group 1-41
2024-04-04 15:26:38,234 INFO o.a.j.t.JMeterThread: Thread finished: Thread Group 1-41
2024-04-04 15:26:38,327 INFO o.a.j.t.JMeterThread: Thread is done: Thread Group 1-29
2024-04-04 15:26:38,328 INFO o.a.j.t.JMeterThread: Thread finished: Thread Group 1-29
2024-04-04 15:26:38,328 INFO o.a.j.t.JMeterThread: Thread is done: Thread Group 1-35
2024-04-04 15:26:38,328 INFO o.a.j.t.JMeterThread: Thread finished: Thread Group 1-35
2024-04-04 15:26:38,328 INFO o.a.j.t.JMeterThread: Thread is done: Thread Group 1-45
2024-04-04 15:26:38,328 INFO o.a.j.t.JMeterThread: Thread is done: Thread Group 1-39
2024-04-04 15:26:38,328 INFO o.a.j.t.JMeterThread: Thread finished: Thread Group 1-45
2024-04-04 15:26:38,328 INFO o.a.j.t.JMeterThread: Thread finished: Thread Group 1-39
2024-04-04 15:26:38,328 INFO o.a.j.t.JMeterThread: Thread is done: Thread Group 1-31
2024-04-04 15:26:38,328 INFO o.a.j.t.JMeterThread: Thread finished: Thread Group 1-31
2024-04-04 15:26:38,328 INFO o.a.j.t.JMeterThread: Thread is done: Thread Group 1-27
2024-04-04 15:26:38,328 INFO o.a.j.t.JMeterThread: Thread finished: Thread Group 1-27
2024-04-04 15:26:38,329 INFO o.a.j.t.JMeterThread: Thread is done: Thread Group 1-43
2024-04-04 15:26:38,329 INFO o.a.j.t.JMeterThread: Thread finished: Thread Group 1-43
2024-04-04 15:26:38,329 INFO o.a.j.t.JMeterThread: Thread is done: Thread Group 1-37
2024-04-04 15:26:38,329 INFO o.a.j.t.JMeterThread: Thread finished: Thread Group 1-37
2024-04-04 15:26:38,358 INFO o.a.j.t.JMeterThread: Thread is done: Thread Group 1-64
2024-04-04 15:26:38,358 INFO o.a.j.t.JMeterThread: Thread finished: Thread Group 1-64
2024-04-04 15:26:38,359 INFO o.a.j.t.JMeterThread: Thread is done: Thread Group 1-62
2024-04-04 15:26:38,359 INFO o.a.j.t.JMeterThread: Thread finished: Thread Group 1-62
2024-04-04 15:26:38,362 INFO o.a.j.t.JMeterThread: Thread is done: Thread Group 1-68
2024-04-04 15:26:38,362 INFO o.a.j.t.JMeterThread: Thread finished: Thread Group 1-68
2024-04-04 15:26:38,369 INFO o.a.j.t.JMeterThread: Thread is done: Thread Group 1-66
2024-04-04 15:26:38,369 INFO o.a.j.t.JMeterThread: Thread finished: Thread Group 1-66
2024-04-04 15:26:38,372 INFO o.a.j.t.JMeterThread: Thread is done: Thread Group 1-60
2024-04-04 15:26:38,372 INFO o.a.j.t.JMeterThread: Thread finished: Thread Group 1-60
2024-04-04 15:26:38,374 INFO o.a.j.t.JMeterThread: Thread is done: Thread Group 1-70
2024-04-04 15:26:38,374 INFO o.a.j.t.JMeterThread: Thread finished: Thread Group 1-70
2024-04-04 15:26:38,411 INFO o.a.j.t.JMeterThread: Thread is done: Thread Group 1-53
2024-04-04 15:26:38,411 INFO o.a.j.t.JMeterThread: Thread finished: Thread Group 1-53
2024-04-04 15:26:38,427 INFO o.a.j.t.JMeterThread: Thread is done: Thread Group 1-49
2024-04-04 15:26:38,427 INFO o.a.j.t.JMeterThread: Thread finished: Thread Group 1-49
2024-04-04 15:26:38,430 INFO o.a.j.t.JMeterThread: Thread is done: Thread Group 1-57
2024-04-04 15:26:38,430 INFO o.a.j.t.JMeterThread: Thread finished: Thread Group 1-57
2024-04-04 15:26:38,431 INFO o.a.j.t.JMeterThread: Thread is done: Thread Group 1-47
2024-04-04 15:26:38,431 INFO o.a.j.t.JMeterThread: Thread finished: Thread Group 1-47
2024-04-04 15:26:38,575 INFO o.a.j.t.JMeterThread: Thread is done: Thread Group 1-56
2024-04-04 15:26:38,575 INFO o.a.j.t.JMeterThread: Thread finished: Thread Group 1-56
2024-04-04 15:26:38,576 INFO o.a.j.t.JMeterThread: Thread is done: Thread Group 1-51
2024-04-04 15:26:38,576 INFO o.a.j.t.JMeterThread: Thread finished: Thread Group 1-51
2024-04-04 15:26:38,579 INFO o.a.j.t.JMeterThread: Thread is done: Thread Group 1-59
2024-04-04 15:26:38,579 INFO o.a.j.t.JMeterThread: Thread finished: Thread Group 1-59
2024-04-04 15:26:38,716 INFO o.a.j.t.JMeterThread: Thread is done: Thread Group 1-67
2024-04-04 15:26:38,716 INFO o.a.j.t.JMeterThread: Thread finished: Thread Group 1-67
2024-04-04 15:26:38,716 INFO o.a.j.t.JMeterThread: Thread is done: Thread Group 1-65
2024-04-04 15:26:38,717 INFO o.a.j.t.JMeterThread: Thread finished: Thread Group 1-65
2024-04-04 15:26:38,717 INFO o.a.j.t.JMeterThread: Thread is done: Thread Group 1-61
2024-04-04 15:26:38,717 INFO o.a.j.t.JMeterThread: Thread finished: Thread Group 1-61
2024-04-04 15:26:38,718 INFO o.a.j.t.JMeterThread: Thread is done: Thread Group 1-63
2024-04-04 15:26:38,718 INFO o.a.j.t.JMeterThread: Thread finished: Thread Group 1-63
2024-04-04 15:26:38,718 INFO o.a.j.t.JMeterThread: Thread is done: Thread Group 1-69
2024-04-04 15:26:38,718 INFO o.a.j.t.JMeterThread: Thread finished: Thread Group 1-69
2024-04-04 15:26:38,719 INFO o.a.j.e.StandardJMeterEngine: Notifying test listeners of end of test
2024-04-04 15:26:38,719 INFO o.a.j.s.FileServer: Close: /Users/jennieyoun/Downloads/smalll - Sheet1 (2).csv
2024-04-04 15:26:38,719 INFO o.a.j.g.u.JMeterMenuBar: setRunning(false, *local*)
2024-04-04 15:26:55,378 INFO o.a.j.e.StandardJMeterEngine: Running the test!
2024-04-04 15:26:55,378 INFO o.a.j.s.SampleEvent: List of sample_variables: []
2024-04-04 15:26:55,379 INFO o.a.j.g.u.JMeterMenuBar: setRunning(true, *local*)
2024-04-04 15:26:55,434 INFO o.a.j.e.StandardJMeterEngine: Starting ThreadGroup: 1 : Thread Group
2024-04-04 15:26:55,435 INFO o.a.j.e.StandardJMeterEngine: Starting 5 threads for group Thread Group.
2024-04-04 15:26:55,435 INFO o.a.j.e.StandardJMeterEngine: Thread will continue on error
2024-04-04 15:26:55,435 INFO o.a.j.t.ThreadGroup: Starting thread group... number=1 threads=5 ramp-up=1 delayedStart=false
2024-04-04 15:26:55,436 INFO o.a.j.t.JMeterThread: Thread started: Thread Group 1-1
2024-04-04 15:26:55,436 INFO o.a.j.s.FileServer: Stored: /Users/jennieyoun/Downloads/smalll - Sheet1 (2).csv
2024-04-04 15:26:55,436 INFO o.a.j.t.ThreadGroup: Started thread group number 1
2024-04-04 15:26:55,436 INFO o.a.j.e.StandardJMeterEngine: All thread groups have been started
2024-04-04 15:26:55,640 INFO o.a.j.t.JMeterThread: Thread started: Thread Group 1-2
2024-04-04 15:26:55,790 INFO o.a.j.t.JMeterThread: Thread is done: Thread Group 1-1
2024-04-04 15:26:55,790 INFO o.a.j.t.JMeterThread: Thread finished: Thread Group 1-1
2024-04-04 15:26:55,836 INFO o.a.j.t.JMeterThread: Thread started: Thread Group 1-3
2024-04-04 15:26:55,908 INFO o.a.j.t.JMeterThread: Thread is done: Thread Group 1-2
2024-04-04 15:26:55,908 INFO o.a.j.t.JMeterThread: Thread finished: Thread Group 1-2
2024-04-04 15:26:56,039 INFO o.a.j.t.JMeterThread: Thread started: Thread Group 1-4
2024-04-04 15:26:56,125 INFO o.a.j.t.JMeterThread: Thread is done: Thread Group 1-4
2024-04-04 15:26:56,125 INFO o.a.j.t.JMeterThread: Thread finished: Thread Group 1-4
2024-04-04 15:26:56,240 INFO o.a.j.t.JMeterThread: Thread started: Thread Group 1-5
2024-04-04 15:26:56,428 INFO o.a.j.t.JMeterThread: Thread is done: Thread Group 1-3
2024-04-04 15:26:56,428 INFO o.a.j.t.JMeterThread: Thread finished: Thread Group 1-3
2024-04-04 15:26:56,641 INFO o.a.j.t.JMeterThread: Thread is done: Thread Group 1-5
2024-04-04 15:26:56,641 INFO o.a.j.t.JMeterThread: Thread finished: Thread Group 1-5
2024-04-04 15:26:56,641 INFO o.a.j.e.StandardJMeterEngine: Notifying test listeners of end of test
2024-04-04 15:26:56,641 INFO o.a.j.s.FileServer: Close: /Users/jennieyoun/Downloads/smalll - Sheet1 (2).csv
2024-04-04 15:26:56,641 INFO o.a.j.g.u.JMeterMenuBar: setRunning(false, *local*)
2024-04-04 15:28:45,862 INFO o.a.j.e.StandardJMeterEngine: Running the test!
2024-04-04 15:28:45,862 INFO o.a.j.s.SampleEvent: List of sample_variables: []
2024-04-04 15:28:45,862 INFO o.a.j.g.u.JMeterMenuBar: setRunning(true, *local*)
2024-04-04 15:28:45,914 INFO o.a.j.e.StandardJMeterEngine: Starting ThreadGroup: 1 : Thread Group
2024-04-04 15:28:45,914 INFO o.a.j.e.StandardJMeterEngine: Starting 60 threads for group Thread Group.
2024-04-04 15:28:45,914 INFO o.a.j.e.StandardJMeterEngine: Thread will continue on error
2024-04-04 15:28:45,914 INFO o.a.j.t.ThreadGroup: Starting thread group... number=1 threads=60 ramp-up=1 delayedStart=false
2024-04-04 15:28:45,915 INFO o.a.j.t.JMeterThread: Thread started: Thread Group 1-1
2024-04-04 15:28:45,916 INFO o.a.j.s.FileServer: Stored: /Users/jennieyoun/Downloads/smalll - Sheet1 (3).csv
2024-04-04 15:28:45,930 INFO o.a.j.t.ThreadGroup: Started thread group number 1
2024-04-04 15:28:45,930 INFO o.a.j.e.StandardJMeterEngine: All thread groups have been started
2024-04-04 15:28:45,934 INFO o.a.j.t.JMeterThread: Thread started: Thread Group 1-2
2024-04-04 15:28:45,950 INFO o.a.j.t.JMeterThread: Thread started: Thread Group 1-3
2024-04-04 15:28:45,969 INFO o.a.j.t.JMeterThread: Thread started: Thread Group 1-4
2024-04-04 15:28:45,985 INFO o.a.j.t.JMeterThread: Thread started: Thread Group 1-5
2024-04-04 15:28:46,003 INFO o.a.j.t.JMeterThread: Thread started: Thread Group 1-6
2024-04-04 15:28:46,021 INFO o.a.j.t.JMeterThread: Thread started: Thread Group 1-7
2024-04-04 15:28:46,034 INFO o.a.j.t.JMeterThread: Thread started: Thread Group 1-8
2024-04-04 15:28:46,054 INFO o.a.j.t.JMeterThread: Thread started: Thread Group 1-9
2024-04-04 15:28:46,068 INFO o.a.j.t.JMeterThread: Thread started: Thread Group 1-10
2024-04-04 15:28:46,086 INFO o.a.j.t.JMeterThread: Thread started: Thread Group 1-11
2024-04-04 15:28:46,103 INFO o.a.j.t.JMeterThread: Thread started: Thread Group 1-12
2024-04-04 15:28:46,118 INFO o.a.j.t.JMeterThread: Thread started: Thread Group 1-13
2024-04-04 15:28:46,137 INFO o.a.j.t.JMeterThread: Thread started: Thread Group 1-14
2024-04-04 15:28:46,153 INFO o.a.j.t.JMeterThread: Thread started: Thread Group 1-15
2024-04-04 15:28:46,174 INFO o.a.j.t.JMeterThread: Thread started: Thread Group 1-16
2024-04-04 15:28:46,187 INFO o.a.j.t.JMeterThread: Thread started: Thread Group 1-17
2024-04-04 15:28:46,204 INFO o.a.j.t.JMeterThread: Thread started: Thread Group 1-18
2024-04-04 15:28:46,221 INFO o.a.j.t.JMeterThread: Thread started: Thread Group 1-19
2024-04-04 15:28:46,231 INFO o.a.j.t.JMeterThread: Thread is done: Thread Group 1-4
2024-04-04 15:28:46,231 INFO o.a.j.t.JMeterThread: Thread is done: Thread Group 1-2
2024-04-04 15:28:46,231 INFO o.a.j.t.JMeterThread: Thread finished: Thread Group 1-4
2024-04-04 15:28:46,231 INFO o.a.j.t.JMeterThread: Thread finished: Thread Group 1-2
2024-04-04 15:28:46,242 INFO o.a.j.t.JMeterThread: Thread started: Thread Group 1-20
2024-04-04 15:28:46,253 INFO o.a.j.t.JMeterThread: Thread is done: Thread Group 1-7
2024-04-04 15:28:46,253 INFO o.a.j.t.JMeterThread: Thread finished: Thread Group 1-7
2024-04-04 15:28:46,255 INFO o.a.j.t.JMeterThread: Thread started: Thread Group 1-21
2024-04-04 15:28:46,267 INFO o.a.j.t.JMeterThread: Thread is done: Thread Group 1-9
2024-04-04 15:28:46,267 INFO o.a.j.t.JMeterThread: Thread finished: Thread Group 1-9
2024-04-04 15:28:46,268 INFO o.a.j.t.JMeterThread: Thread is done: Thread Group 1-14
2024-04-04 15:28:46,268 INFO o.a.j.t.JMeterThread: Thread finished: Thread Group 1-14
2024-04-04 15:28:46,268 INFO o.a.j.t.JMeterThread: Thread is done: Thread Group 1-12
2024-04-04 15:28:46,268 INFO o.a.j.t.JMeterThread: Thread finished: Thread Group 1-12
2024-04-04 15:28:46,273 INFO o.a.j.t.JMeterThread: Thread started: Thread Group 1-22
2024-04-04 15:28:46,289 INFO o.a.j.t.JMeterThread: Thread is done: Thread Group 1-17
2024-04-04 15:28:46,289 INFO o.a.j.t.JMeterThread: Thread finished: Thread Group 1-17
2024-04-04 15:28:46,294 INFO o.a.j.t.JMeterThread: Thread started: Thread Group 1-23
2024-04-04 15:28:46,309 INFO o.a.j.t.JMeterThread: Thread started: Thread Group 1-24
2024-04-04 15:28:46,321 INFO o.a.j.t.JMeterThread: Thread is done: Thread Group 1-19
2024-04-04 15:28:46,321 INFO o.a.j.t.JMeterThread: Thread finished: Thread Group 1-19
2024-04-04 15:28:46,328 INFO o.a.j.t.JMeterThread: Thread started: Thread Group 1-25
2024-04-04 15:28:46,345 INFO o.a.j.t.JMeterThread: Thread started: Thread Group 1-26
2024-04-04 15:28:46,357 INFO o.a.j.t.JMeterThread: Thread started: Thread Group 1-27
2024-04-04 15:28:46,377 INFO o.a.j.t.JMeterThread: Thread started: Thread Group 1-28
2024-04-04 15:28:46,394 INFO o.a.j.t.JMeterThread: Thread started: Thread Group 1-29
2024-04-04 15:28:46,407 INFO o.a.j.t.JMeterThread: Thread started: Thread Group 1-30
2024-04-04 15:28:46,428 INFO o.a.j.t.JMeterThread: Thread started: Thread Group 1-31
2024-04-04 15:28:46,444 INFO o.a.j.t.JMeterThread: Thread started: Thread Group 1-32
2024-04-04 15:28:46,458 INFO o.a.j.t.JMeterThread: Thread started: Thread Group 1-33
2024-04-04 15:28:46,467 INFO o.a.j.t.JMeterThread: Thread is done: Thread Group 1-22
2024-04-04 15:28:46,467 INFO o.a.j.t.JMeterThread: Thread finished: Thread Group 1-22
2024-04-04 15:28:46,477 INFO o.a.j.t.JMeterThread: Thread started: Thread Group 1-34
2024-04-04 15:28:46,478 INFO o.a.j.t.JMeterThread: Thread is done: Thread Group 1-27
2024-04-04 15:28:46,478 INFO o.a.j.t.JMeterThread: Thread finished: Thread Group 1-27
2024-04-04 15:28:46,480 INFO o.a.j.t.JMeterThread: Thread is done: Thread Group 1-24
2024-04-04 15:28:46,480 INFO o.a.j.t.JMeterThread: Thread finished: Thread Group 1-24
2024-04-04 15:28:46,497 INFO o.a.j.t.JMeterThread: Thread started: Thread Group 1-35
2024-04-04 15:28:46,510 INFO o.a.j.t.JMeterThread: Thread started: Thread Group 1-36
2024-04-04 15:28:46,528 INFO o.a.j.t.JMeterThread: Thread started: Thread Group 1-37
2024-04-04 15:28:46,544 INFO o.a.j.t.JMeterThread: Thread started: Thread Group 1-38
2024-04-04 15:28:46,565 INFO o.a.j.t.JMeterThread: Thread started: Thread Group 1-39
2024-04-04 15:28:46,581 INFO o.a.j.t.JMeterThread: Thread started: Thread Group 1-40
2024-04-04 15:28:46,596 INFO o.a.j.t.JMeterThread: Thread started: Thread Group 1-41
2024-04-04 15:28:46,612 INFO o.a.j.t.JMeterThread: Thread started: Thread Group 1-42
2024-04-04 15:28:46,631 INFO o.a.j.t.JMeterThread: Thread started: Thread Group 1-43
2024-04-04 15:28:46,646 INFO o.a.j.t.JMeterThread: Thread started: Thread Group 1-44
2024-04-04 15:28:46,667 INFO o.a.j.t.JMeterThread: Thread started: Thread Group 1-45
2024-04-04 15:28:46,682 INFO o.a.j.t.JMeterThread: Thread started: Thread Group 1-46
2024-04-04 15:28:46,697 INFO o.a.j.t.JMeterThread: Thread started: Thread Group 1-47
2024-04-04 15:28:46,713 INFO o.a.j.t.JMeterThread: Thread started: Thread Group 1-48
2024-04-04 15:28:46,725 INFO o.a.j.t.JMeterThread: Thread is done: Thread Group 1-29
2024-04-04 15:28:46,725 INFO o.a.j.t.JMeterThread: Thread finished: Thread Group 1-29
2024-04-04 15:28:46,726 INFO o.a.j.t.JMeterThread: Thread is done: Thread Group 1-6
2024-04-04 15:28:46,726 INFO o.a.j.t.JMeterThread: Thread finished: Thread Group 1-6
2024-04-04 15:28:46,729 INFO o.a.j.t.JMeterThread: Thread is done: Thread Group 1-3
2024-04-04 15:28:46,729 INFO o.a.j.t.JMeterThread: Thread finished: Thread Group 1-3
2024-04-04 15:28:46,730 INFO o.a.j.t.JMeterThread: Thread is done: Thread Group 1-1
2024-04-04 15:28:46,730 INFO o.a.j.t.JMeterThread: Thread finished: Thread Group 1-1
2024-04-04 15:28:46,730 INFO o.a.j.t.JMeterThread: Thread started: Thread Group 1-49
2024-04-04 15:28:46,732 INFO o.a.j.t.JMeterThread: Thread is done: Thread Group 1-16
2024-04-04 15:28:46,732 INFO o.a.j.t.JMeterThread: Thread finished: Thread Group 1-16
2024-04-04 15:28:46,732 INFO o.a.j.t.JMeterThread: Thread is done: Thread Group 1-11
2024-04-04 15:28:46,733 INFO o.a.j.t.JMeterThread: Thread finished: Thread Group 1-11
2024-04-04 15:28:46,738 INFO o.a.j.t.JMeterThread: Thread is done: Thread Group 1-21
2024-04-04 15:28:46,738 INFO o.a.j.t.JMeterThread: Thread finished: Thread Group 1-21
2024-04-04 15:28:46,748 INFO o.a.j.t.JMeterThread: Thread started: Thread Group 1-50
2024-04-04 15:28:46,756 INFO o.a.j.t.JMeterThread: Thread is done: Thread Group 1-5
2024-04-04 15:28:46,756 INFO o.a.j.t.JMeterThread: Thread finished: Thread Group 1-5
2024-04-04 15:28:46,757 INFO o.a.j.t.JMeterThread: Thread is done: Thread Group 1-20
2024-04-04 15:28:46,757 INFO o.a.j.t.JMeterThread: Thread finished: Thread Group 1-20
2024-04-04 15:28:46,760 INFO o.a.j.t.JMeterThread: Thread is done: Thread Group 1-25
2024-04-04 15:28:46,760 INFO o.a.j.t.JMeterThread: Thread finished: Thread Group 1-25
2024-04-04 15:28:46,765 INFO o.a.j.t.JMeterThread: Thread is done: Thread Group 1-30
2024-04-04 15:28:46,765 INFO o.a.j.t.JMeterThread: Thread finished: Thread Group 1-30
2024-04-04 15:28:46,765 INFO o.a.j.t.JMeterThread: Thread started: Thread Group 1-51
2024-04-04 15:28:46,767 INFO o.a.j.t.JMeterThread: Thread is done: Thread Group 1-10
2024-04-04 15:28:46,767 INFO o.a.j.t.JMeterThread: Thread finished: Thread Group 1-10
2024-04-04 15:28:46,769 INFO o.a.j.t.JMeterThread: Thread is done: Thread Group 1-15
2024-04-04 15:28:46,769 INFO o.a.j.t.JMeterThread: Thread finished: Thread Group 1-15
2024-04-04 15:28:46,786 INFO o.a.j.t.JMeterThread: Thread started: Thread Group 1-52
2024-04-04 15:28:46,799 INFO o.a.j.t.JMeterThread: Thread started: Thread Group 1-53
2024-04-04 15:28:46,811 INFO o.a.j.t.JMeterThread: Thread is done: Thread Group 1-40
2024-04-04 15:28:46,811 INFO o.a.j.t.JMeterThread: Thread finished: Thread Group 1-40
2024-04-04 15:28:46,816 INFO o.a.j.t.JMeterThread: Thread is done: Thread Group 1-34
2024-04-04 15:28:46,816 INFO o.a.j.t.JMeterThread: Thread finished: Thread Group 1-34
2024-04-04 15:28:46,818 INFO o.a.j.t.JMeterThread: Thread started: Thread Group 1-54
2024-04-04 15:28:46,820 INFO o.a.j.t.JMeterThread: Thread is done: Thread Group 1-32
2024-04-04 15:28:46,820 INFO o.a.j.t.JMeterThread: Thread finished: Thread Group 1-32
2024-04-04 15:28:46,820 INFO o.a.j.t.JMeterThread: Thread is done: Thread Group 1-37
2024-04-04 15:28:46,820 INFO o.a.j.t.JMeterThread: Thread finished: Thread Group 1-37
2024-04-04 15:28:46,824 INFO o.a.j.t.JMeterThread: Thread is done: Thread Group 1-45
2024-04-04 15:28:46,824 INFO o.a.j.t.JMeterThread: Thread finished: Thread Group 1-45
2024-04-04 15:28:46,824 INFO o.a.j.t.JMeterThread: Thread is done: Thread Group 1-35
2024-04-04 15:28:46,824 INFO o.a.j.t.JMeterThread: Thread finished: Thread Group 1-35
2024-04-04 15:28:46,828 INFO o.a.j.t.JMeterThread: Thread is done: Thread Group 1-26
2024-04-04 15:28:46,828 INFO o.a.j.t.JMeterThread: Thread finished: Thread Group 1-26
2024-04-04 15:28:46,831 INFO o.a.j.t.JMeterThread: Thread is done: Thread Group 1-13
2024-04-04 15:28:46,831 INFO o.a.j.t.JMeterThread: Thread finished: Thread Group 1-13
2024-04-04 15:28:46,833 INFO o.a.j.t.JMeterThread: Thread started: Thread Group 1-55
2024-04-04 15:28:46,835 INFO o.a.j.t.JMeterThread: Thread is done: Thread Group 1-44
2024-04-04 15:28:46,835 INFO o.a.j.t.JMeterThread: Thread finished: Thread Group 1-44
2024-04-04 15:28:46,837 INFO o.a.j.t.JMeterThread: Thread is done: Thread Group 1-18
2024-04-04 15:28:46,837 INFO o.a.j.t.JMeterThread: Thread is done: Thread Group 1-8
2024-04-04 15:28:46,837 INFO o.a.j.t.JMeterThread: Thread is done: Thread Group 1-39
2024-04-04 15:28:46,837 INFO o.a.j.t.JMeterThread: Thread finished: Thread Group 1-18
2024-04-04 15:28:46,837 INFO o.a.j.t.JMeterThread: Thread finished: Thread Group 1-8
2024-04-04 15:28:46,837 INFO o.a.j.t.JMeterThread: Thread finished: Thread Group 1-39
2024-04-04 15:28:46,840 INFO o.a.j.t.JMeterThread: Thread is done: Thread Group 1-42
2024-04-04 15:28:46,840 INFO o.a.j.t.JMeterThread: Thread finished: Thread Group 1-42
2024-04-04 15:28:46,851 INFO o.a.j.t.JMeterThread: Thread started: Thread Group 1-56
2024-04-04 15:28:46,867 INFO o.a.j.t.JMeterThread: Thread started: Thread Group 1-57
2024-04-04 15:28:46,878 INFO o.a.j.t.JMeterThread: Thread is done: Thread Group 1-47
2024-04-04 15:28:46,878 INFO o.a.j.t.JMeterThread: Thread finished: Thread Group 1-47
2024-04-04 15:28:46,884 INFO o.a.j.t.JMeterThread: Thread started: Thread Group 1-58
2024-04-04 15:28:46,901 INFO o.a.j.t.JMeterThread: Thread started: Thread Group 1-59
2024-04-04 15:28:46,908 INFO o.a.j.t.JMeterThread: Thread is done: Thread Group 1-49
2024-04-04 15:28:46,908 INFO o.a.j.t.JMeterThread: Thread finished: Thread Group 1-49
2024-04-04 15:28:46,909 INFO o.a.j.t.JMeterThread: Thread is done: Thread Group 1-50
2024-04-04 15:28:46,909 INFO o.a.j.t.JMeterThread: Thread finished: Thread Group 1-50
2024-04-04 15:28:46,917 INFO o.a.j.t.JMeterThread: Thread started: Thread Group 1-60
2024-04-04 15:28:46,928 INFO o.a.j.t.JMeterThread: Thread is done: Thread Group 1-52
2024-04-04 15:28:46,928 INFO o.a.j.t.JMeterThread: Thread finished: Thread Group 1-52
2024-04-04 15:28:46,936 INFO o.a.j.t.JMeterThread: Thread is done: Thread Group 1-54
2024-04-04 15:28:46,936 INFO o.a.j.t.JMeterThread: Thread finished: Thread Group 1-54
2024-04-04 15:28:46,947 INFO o.a.j.t.JMeterThread: Thread is done: Thread Group 1-55
2024-04-04 15:28:46,947 INFO o.a.j.t.JMeterThread: Thread finished: Thread Group 1-55
2024-04-04 15:28:46,982 INFO o.a.j.t.JMeterThread: Thread is done: Thread Group 1-23
2024-04-04 15:28:46,982 INFO o.a.j.t.JMeterThread: Thread finished: Thread Group 1-23
2024-04-04 15:28:46,983 INFO o.a.j.t.JMeterThread: Thread is done: Thread Group 1-57
2024-04-04 15:28:46,983 INFO o.a.j.t.JMeterThread: Thread finished: Thread Group 1-57
2024-04-04 15:28:47,001 INFO o.a.j.t.JMeterThread: Thread is done: Thread Group 1-59
2024-04-04 15:28:47,001 INFO o.a.j.t.JMeterThread: Thread finished: Thread Group 1-59
2024-04-04 15:28:47,113 INFO o.a.j.t.JMeterThread: Thread is done: Thread Group 1-60
2024-04-04 15:28:47,113 INFO o.a.j.t.JMeterThread: Thread finished: Thread Group 1-60
2024-04-04 15:28:47,113 INFO o.a.j.t.JMeterThread: Thread is done: Thread Group 1-28
2024-04-04 15:28:47,113 INFO o.a.j.t.JMeterThread: Thread finished: Thread Group 1-28
2024-04-04 15:28:47,126 INFO o.a.j.t.JMeterThread: Thread is done: Thread Group 1-31
2024-04-04 15:28:47,126 INFO o.a.j.t.JMeterThread: Thread finished: Thread Group 1-31
2024-04-04 15:28:47,131 INFO o.a.j.t.JMeterThread: Thread is done: Thread Group 1-41
2024-04-04 15:28:47,131 INFO o.a.j.t.JMeterThread: Thread finished: Thread Group 1-41
2024-04-04 15:28:47,151 INFO o.a.j.t.JMeterThread: Thread is done: Thread Group 1-46
2024-04-04 15:28:47,151 INFO o.a.j.t.JMeterThread: Thread finished: Thread Group 1-46
2024-04-04 15:28:47,243 INFO o.a.j.t.JMeterThread: Thread is done: Thread Group 1-43
2024-04-04 15:28:47,243 INFO o.a.j.t.JMeterThread: Thread is done: Thread Group 1-33
2024-04-04 15:28:47,243 INFO o.a.j.t.JMeterThread: Thread is done: Thread Group 1-38
2024-04-04 15:28:47,243 INFO o.a.j.t.JMeterThread: Thread finished: Thread Group 1-43
2024-04-04 15:28:47,243 INFO o.a.j.t.JMeterThread: Thread finished: Thread Group 1-33
2024-04-04 15:28:47,243 INFO o.a.j.t.JMeterThread: Thread finished: Thread Group 1-38
2024-04-04 15:28:47,247 INFO o.a.j.t.JMeterThread: Thread is done: Thread Group 1-56
2024-04-04 15:28:47,247 INFO o.a.j.t.JMeterThread: Thread finished: Thread Group 1-56
2024-04-04 15:28:47,250 INFO o.a.j.t.JMeterThread: Thread is done: Thread Group 1-48
2024-04-04 15:28:47,250 INFO o.a.j.t.JMeterThread: Thread finished: Thread Group 1-48
2024-04-04 15:28:47,287 INFO o.a.j.t.JMeterThread: Thread is done: Thread Group 1-51
2024-04-04 15:28:47,287 INFO o.a.j.t.JMeterThread: Thread finished: Thread Group 1-51
2024-04-04 15:28:47,358 INFO o.a.j.t.JMeterThread: Thread is done: Thread Group 1-53
2024-04-04 15:28:47,358 INFO o.a.j.t.JMeterThread: Thread finished: Thread Group 1-53
2024-04-04 15:28:47,400 INFO o.a.j.t.JMeterThread: Thread is done: Thread Group 1-36
2024-04-04 15:28:47,400 INFO o.a.j.t.JMeterThread: Thread finished: Thread Group 1-36
2024-04-04 15:28:47,498 INFO o.a.j.t.JMeterThread: Thread is done: Thread Group 1-58
2024-04-04 15:28:47,498 INFO o.a.j.t.JMeterThread: Thread finished: Thread Group 1-58
2024-04-04 15:28:47,498 INFO o.a.j.e.StandardJMeterEngine: Notifying test listeners of end of test
2024-04-04 15:28:47,498 INFO o.a.j.s.FileServer: Close: /Users/jennieyoun/Downloads/smalll - Sheet1 (3).csv
2024-04-04 15:28:47,498 INFO o.a.j.g.u.JMeterMenuBar: setRunning(false, *local*)
